{"/Users/matteonassini/reservations_online/js/app.js": {"path":"/Users/matteonassini/reservations_online/js/app.js","statementMap":{"0":{"start":{"line":12,"column":2},"end":{"line":34,"column":3}},"1":{"start":{"line":13,"column":27},"end":{"line":13,"column":61}},"2":{"start":{"line":14,"column":4},"end":{"line":14,"column":95}},"3":{"start":{"line":16,"column":4},"end":{"line":20,"column":5}},"4":{"start":{"line":17,"column":6},"end":{"line":17,"column":77}},"5":{"start":{"line":19,"column":6},"end":{"line":19,"column":87}},"6":{"start":{"line":22,"column":4},"end":{"line":22,"column":59}},"7":{"start":{"line":23,"column":23},"end":{"line":23,"column":60}},"8":{"start":{"line":24,"column":4},"end":{"line":33,"column":5}},"9":{"start":{"line":25,"column":6},"end":{"line":31,"column":8}},"10":{"start":{"line":32,"column":6},"end":{"line":32,"column":41}},"11":{"start":{"line":38,"column":2},"end":{"line":42,"column":5}},"12":{"start":{"line":39,"column":4},"end":{"line":41,"column":7}},"13":{"start":{"line":40,"column":6},"end":{"line":40,"column":48}},"14":{"start":{"line":46,"column":16},"end":{"line":46,"column":26}},"15":{"start":{"line":47,"column":20},"end":{"line":47,"column":51}},"16":{"start":{"line":48,"column":2},"end":{"line":51,"column":3}},"17":{"start":{"line":49,"column":4},"end":{"line":49,"column":54}},"18":{"start":{"line":50,"column":4},"end":{"line":50,"column":56}},"19":{"start":{"line":56,"column":2},"end":{"line":80,"column":3}},"20":{"start":{"line":57,"column":4},"end":{"line":57,"column":34}},"21":{"start":{"line":58,"column":4},"end":{"line":58,"column":29}},"22":{"start":{"line":59,"column":4},"end":{"line":59,"column":22}},"23":{"start":{"line":60,"column":4},"end":{"line":60,"column":27}},"24":{"start":{"line":61,"column":4},"end":{"line":61,"column":29}},"25":{"start":{"line":62,"column":4},"end":{"line":62,"column":36}},"26":{"start":{"line":63,"column":4},"end":{"line":63,"column":18}},"27":{"start":{"line":64,"column":4},"end":{"line":64,"column":22}},"28":{"start":{"line":66,"column":4},"end":{"line":66,"column":66}},"29":{"start":{"line":68,"column":4},"end":{"line":68,"column":69}},"30":{"start":{"line":69,"column":23},"end":{"line":69,"column":60}},"31":{"start":{"line":70,"column":4},"end":{"line":79,"column":5}},"32":{"start":{"line":71,"column":6},"end":{"line":77,"column":8}},"33":{"start":{"line":78,"column":6},"end":{"line":78,"column":41}},"34":{"start":{"line":83,"column":0},"end":{"line":83,"column":66}}},"fnMap":{"0":{"name":"verifyFirebaseConfiguration","decl":{"start":{"line":11,"column":16},"end":{"line":11,"column":43}},"loc":{"start":{"line":11,"column":46},"end":{"line":35,"column":1}},"line":11},"1":{"name":"setupAlerts","decl":{"start":{"line":37,"column":16},"end":{"line":37,"column":27}},"loc":{"start":{"line":37,"column":30},"end":{"line":43,"column":1}},"line":37},"2":{"name":"(anonymous_2)","decl":{"start":{"line":38,"column":52},"end":{"line":38,"column":53}},"loc":{"start":{"line":38,"column":62},"end":{"line":42,"column":3}},"line":38},"3":{"name":"(anonymous_3)","decl":{"start":{"line":39,"column":37},"end":{"line":39,"column":38}},"loc":{"start":{"line":39,"column":48},"end":{"line":41,"column":5}},"line":39},"4":{"name":"initializeDateTimeConstraints","decl":{"start":{"line":45,"column":16},"end":{"line":45,"column":45}},"loc":{"start":{"line":45,"column":48},"end":{"line":52,"column":1}},"line":45},"5":{"name":"onDOMContentLoaded","decl":{"start":{"line":55,"column":9},"end":{"line":55,"column":27}},"loc":{"start":{"line":55,"column":30},"end":{"line":81,"column":1}},"line":55}},"branchMap":{"0":{"loc":{"start":{"line":16,"column":4},"end":{"line":20,"column":5}},"type":"if","locations":[{"start":{"line":16,"column":4},"end":{"line":20,"column":5}},{"start":{"line":18,"column":11},"end":{"line":20,"column":5}}],"line":16},"1":{"loc":{"start":{"line":24,"column":4},"end":{"line":33,"column":5}},"type":"if","locations":[{"start":{"line":24,"column":4},"end":{"line":33,"column":5}},{"start":{},"end":{}}],"line":24},"2":{"loc":{"start":{"line":48,"column":2},"end":{"line":51,"column":3}},"type":"if","locations":[{"start":{"line":48,"column":2},"end":{"line":51,"column":3}},{"start":{},"end":{}}],"line":48},"3":{"loc":{"start":{"line":70,"column":4},"end":{"line":79,"column":5}},"type":"if","locations":[{"start":{"line":70,"column":4},"end":{"line":79,"column":5}},{"start":{},"end":{}}],"line":70}},"s":{"0":5,"1":5,"2":3,"3":3,"4":1,"5":2,"6":2,"7":2,"8":2,"9":1,"10":1,"11":3,"12":2,"13":1,"14":3,"15":3,"16":3,"17":2,"18":2,"19":1,"20":1,"21":1,"22":1,"23":1,"24":1,"25":1,"26":1,"27":1,"28":1,"29":0,"30":0,"31":0,"32":0,"33":0,"34":3},"f":{"0":5,"1":3,"2":2,"3":1,"4":3,"5":1},"b":{"0":[1,2],"1":[1,1],"2":[2,1],"3":[0,0]},"_coverageSchema":"1a1c01bbd47fc00a2c39e90264f33305004495a9","hash":"4322b2ba74f6e5486cb242c56ccafce1eef79a1e"}
,"/Users/matteonassini/reservations_online/js/components/admin-panel.js": {"path":"/Users/matteonassini/reservations_online/js/components/admin-panel.js","statementMap":{"0":{"start":{"line":2,"column":22},"end":{"line":2,"column":48}},"1":{"start":{"line":3,"column":34},"end":{"line":3,"column":52}},"2":{"start":{"line":4,"column":61},"end":{"line":4,"column":88}},"3":{"start":{"line":9,"column":4},"end":{"line":9,"column":25}},"4":{"start":{"line":12,"column":4},"end":{"line":12,"column":28}},"5":{"start":{"line":17,"column":23},"end":{"line":17,"column":60}},"6":{"start":{"line":19,"column":4},"end":{"line":89,"column":6}},"7":{"start":{"line":92,"column":4},"end":{"line":92,"column":28}},"8":{"start":{"line":95,"column":4},"end":{"line":95,"column":29}},"9":{"start":{"line":98,"column":4},"end":{"line":98,"column":31}},"10":{"start":{"line":104,"column":4},"end":{"line":106,"column":7}},"11":{"start":{"line":105,"column":8},"end":{"line":105,"column":70}},"12":{"start":{"line":109,"column":4},"end":{"line":113,"column":7}},"13":{"start":{"line":110,"column":8},"end":{"line":112,"column":9}},"14":{"start":{"line":111,"column":12},"end":{"line":111,"column":77}},"15":{"start":{"line":118,"column":26},"end":{"line":118,"column":66}},"16":{"start":{"line":119,"column":28},"end":{"line":119,"column":70}},"17":{"start":{"line":122,"column":4},"end":{"line":131,"column":7}},"18":{"start":{"line":123,"column":8},"end":{"line":130,"column":10}},"19":{"start":{"line":126,"column":16},"end":{"line":126,"column":56}},"20":{"start":{"line":127,"column":16},"end":{"line":127,"column":45}},"21":{"start":{"line":128,"column":16},"end":{"line":128,"column":66}},"22":{"start":{"line":134,"column":4},"end":{"line":134,"column":15}},"23":{"start":{"line":137,"column":4},"end":{"line":151,"column":6}},"24":{"start":{"line":138,"column":26},"end":{"line":138,"column":64}},"25":{"start":{"line":139,"column":25},"end":{"line":139,"column":54}},"26":{"start":{"line":140,"column":8},"end":{"line":140,"column":59}},"27":{"start":{"line":141,"column":8},"end":{"line":141,"column":40}},"28":{"start":{"line":144,"column":21},"end":{"line":144,"column":74}},"29":{"start":{"line":145,"column":8},"end":{"line":145,"column":50}},"30":{"start":{"line":148,"column":8},"end":{"line":148,"column":49}},"31":{"start":{"line":148,"column":31},"end":{"line":148,"column":49}},"32":{"start":{"line":150,"column":8},"end":{"line":150,"column":64}},"33":{"start":{"line":156,"column":17},"end":{"line":156,"column":70}},"34":{"start":{"line":157,"column":26},"end":{"line":157,"column":66}},"35":{"start":{"line":159,"column":4},"end":{"line":159,"column":33}},"36":{"start":{"line":160,"column":4},"end":{"line":164,"column":7}},"37":{"start":{"line":161,"column":25},"end":{"line":161,"column":54}},"38":{"start":{"line":162,"column":8},"end":{"line":162,"column":35}},"39":{"start":{"line":163,"column":8},"end":{"line":163,"column":44}},"40":{"start":{"line":169,"column":22},"end":{"line":169,"column":58}},"41":{"start":{"line":170,"column":24},"end":{"line":170,"column":62}},"42":{"start":{"line":171,"column":33},"end":{"line":171,"column":80}},"43":{"start":{"line":174,"column":24},"end":{"line":174,"column":70}},"44":{"start":{"line":175,"column":4},"end":{"line":175,"column":36}},"45":{"start":{"line":176,"column":4},"end":{"line":176,"column":37}},"46":{"start":{"line":179,"column":4},"end":{"line":184,"column":7}},"47":{"start":{"line":180,"column":24},"end":{"line":180,"column":36}},"48":{"start":{"line":181,"column":8},"end":{"line":181,"column":53}},"49":{"start":{"line":182,"column":8},"end":{"line":182,"column":37}},"50":{"start":{"line":183,"column":8},"end":{"line":183,"column":138}},"51":{"start":{"line":189,"column":24},"end":{"line":189,"column":62}},"52":{"start":{"line":190,"column":33},"end":{"line":190,"column":80}},"53":{"start":{"line":192,"column":4},"end":{"line":192,"column":94}},"54":{"start":{"line":193,"column":4},"end":{"line":193,"column":103}},"55":{"start":{"line":194,"column":4},"end":{"line":194,"column":80}},"56":{"start":{"line":200,"column":4},"end":{"line":202,"column":7}},"57":{"start":{"line":201,"column":8},"end":{"line":201,"column":23}},"58":{"start":{"line":205,"column":4},"end":{"line":207,"column":7}},"59":{"start":{"line":206,"column":8},"end":{"line":206,"column":18}},"60":{"start":{"line":210,"column":4},"end":{"line":213,"column":7}},"61":{"start":{"line":211,"column":22},"end":{"line":211,"column":75}},"62":{"start":{"line":212,"column":8},"end":{"line":212,"column":24}},"63":{"start":{"line":216,"column":4},"end":{"line":216,"column":22}},"64":{"start":{"line":219,"column":0},"end":{"line":228,"column":2}}},"fnMap":{"0":{"name":"initializeAdminPanel","decl":{"start":{"line":7,"column":9},"end":{"line":7,"column":29}},"loc":{"start":{"line":7,"column":32},"end":{"line":13,"column":1}},"line":7},"1":{"name":"loadAdminPanelHTML","decl":{"start":{"line":16,"column":9},"end":{"line":16,"column":27}},"loc":{"start":{"line":16,"column":30},"end":{"line":99,"column":1}},"line":16},"2":{"name":"setupAdminPanelToggle","decl":{"start":{"line":102,"column":9},"end":{"line":102,"column":30}},"loc":{"start":{"line":102,"column":33},"end":{"line":114,"column":1}},"line":102},"3":{"name":"(anonymous_3)","decl":{"start":{"line":104,"column":69},"end":{"line":104,"column":70}},"loc":{"start":{"line":104,"column":80},"end":{"line":106,"column":5}},"line":104},"4":{"name":"(anonymous_4)","decl":{"start":{"line":109,"column":39},"end":{"line":109,"column":40}},"loc":{"start":{"line":109,"column":55},"end":{"line":113,"column":5}},"line":109},"5":{"name":"setupLogFunctionality","decl":{"start":{"line":117,"column":9},"end":{"line":117,"column":30}},"loc":{"start":{"line":117,"column":33},"end":{"line":152,"column":1}},"line":117},"6":{"name":"(anonymous_6)","decl":{"start":{"line":122,"column":46},"end":{"line":122,"column":47}},"loc":{"start":{"line":122,"column":57},"end":{"line":131,"column":5}},"line":122},"7":{"name":"(anonymous_7)","decl":{"start":{"line":125,"column":12},"end":{"line":125,"column":13}},"loc":{"start":{"line":125,"column":18},"end":{"line":129,"column":13}},"line":125},"8":{"name":"(anonymous_8)","decl":{"start":{"line":137,"column":24},"end":{"line":137,"column":25}},"loc":{"start":{"line":137,"column":42},"end":{"line":151,"column":5}},"line":137},"9":{"name":"loadLogs","decl":{"start":{"line":155,"column":9},"end":{"line":155,"column":17}},"loc":{"start":{"line":155,"column":20},"end":{"line":165,"column":1}},"line":155},"10":{"name":"(anonymous_10)","decl":{"start":{"line":160,"column":17},"end":{"line":160,"column":18}},"loc":{"start":{"line":160,"column":24},"end":{"line":164,"column":5}},"line":160},"11":{"name":"setupEnvironmentToggle","decl":{"start":{"line":168,"column":9},"end":{"line":168,"column":31}},"loc":{"start":{"line":168,"column":34},"end":{"line":185,"column":1}},"line":168},"12":{"name":"(anonymous_12)","decl":{"start":{"line":179,"column":41},"end":{"line":179,"column":42}},"loc":{"start":{"line":179,"column":52},"end":{"line":184,"column":5}},"line":179},"13":{"name":"updateEnvironmentUI","decl":{"start":{"line":188,"column":9},"end":{"line":188,"column":28}},"loc":{"start":{"line":188,"column":38},"end":{"line":195,"column":1}},"line":188},"14":{"name":"setupAdminUserManagement","decl":{"start":{"line":198,"column":9},"end":{"line":198,"column":33}},"loc":{"start":{"line":198,"column":36},"end":{"line":217,"column":1}},"line":198},"15":{"name":"(anonymous_15)","decl":{"start":{"line":200,"column":76},"end":{"line":200,"column":77}},"loc":{"start":{"line":200,"column":87},"end":{"line":202,"column":5}},"line":200},"16":{"name":"(anonymous_16)","decl":{"start":{"line":205,"column":71},"end":{"line":205,"column":72}},"loc":{"start":{"line":205,"column":82},"end":{"line":207,"column":5}},"line":205},"17":{"name":"(anonymous_17)","decl":{"start":{"line":210,"column":72},"end":{"line":210,"column":73}},"loc":{"start":{"line":210,"column":83},"end":{"line":213,"column":5}},"line":210}},"branchMap":{"0":{"loc":{"start":{"line":110,"column":8},"end":{"line":112,"column":9}},"type":"if","locations":[{"start":{"line":110,"column":8},"end":{"line":112,"column":9}},{"start":{},"end":{}}],"line":110},"1":{"loc":{"start":{"line":144,"column":32},"end":{"line":144,"column":73}},"type":"binary-expr","locations":[{"start":{"line":144,"column":32},"end":{"line":144,"column":65}},{"start":{"line":144,"column":69},"end":{"line":144,"column":73}}],"line":144},"2":{"loc":{"start":{"line":148,"column":8},"end":{"line":148,"column":49}},"type":"if","locations":[{"start":{"line":148,"column":8},"end":{"line":148,"column":49}},{"start":{},"end":{}}],"line":148},"3":{"loc":{"start":{"line":156,"column":28},"end":{"line":156,"column":69}},"type":"binary-expr","locations":[{"start":{"line":156,"column":28},"end":{"line":156,"column":61}},{"start":{"line":156,"column":65},"end":{"line":156,"column":69}}],"line":156},"4":{"loc":{"start":{"line":183,"column":71},"end":{"line":183,"column":134}},"type":"cond-expr","locations":[{"start":{"line":183,"column":81},"end":{"line":183,"column":105}},{"start":{"line":183,"column":108},"end":{"line":183,"column":134}}],"line":183},"5":{"loc":{"start":{"line":192,"column":30},"end":{"line":192,"column":93}},"type":"cond-expr","locations":[{"start":{"line":192,"column":40},"end":{"line":192,"column":64}},{"start":{"line":192,"column":67},"end":{"line":192,"column":93}}],"line":192},"6":{"loc":{"start":{"line":193,"column":39},"end":{"line":193,"column":102}},"type":"cond-expr","locations":[{"start":{"line":193,"column":49},"end":{"line":193,"column":73}},{"start":{"line":193,"column":76},"end":{"line":193,"column":102}}],"line":193},"7":{"loc":{"start":{"line":194,"column":48},"end":{"line":194,"column":77}},"type":"cond-expr","locations":[{"start":{"line":194,"column":58},"end":{"line":194,"column":65}},{"start":{"line":194,"column":68},"end":{"line":194,"column":77}}],"line":194}},"s":{"0":1,"1":1,"2":1,"3":0,"4":0,"5":0,"6":0,"7":0,"8":0,"9":0,"10":0,"11":0,"12":0,"13":0,"14":0,"15":0,"16":0,"17":0,"18":0,"19":0,"20":0,"21":0,"22":0,"23":0,"24":0,"25":0,"26":0,"27":0,"28":0,"29":0,"30":0,"31":0,"32":0,"33":0,"34":0,"35":0,"36":0,"37":0,"38":0,"39":0,"40":0,"41":0,"42":0,"43":0,"44":0,"45":0,"46":0,"47":0,"48":0,"49":0,"50":0,"51":0,"52":0,"53":0,"54":0,"55":0,"56":0,"57":0,"58":0,"59":0,"60":0,"61":0,"62":0,"63":0,"64":1},"f":{"0":0,"1":0,"2":0,"3":0,"4":0,"5":0,"6":0,"7":0,"8":0,"9":0,"10":0,"11":0,"12":0,"13":0,"14":0,"15":0,"16":0,"17":0},"b":{"0":[0,0],"1":[0,0],"2":[0,0],"3":[0,0],"4":[0,0],"5":[0,0],"6":[0,0],"7":[0,0]},"_coverageSchema":"1a1c01bbd47fc00a2c39e90264f33305004495a9","hash":"1f2d7a58e02d78f4a669dc285eb81314862e6322"}
,"/Users/matteonassini/reservations_online/js/components/availability.js": {"path":"/Users/matteonassini/reservations_online/js/components/availability.js","statementMap":{"0":{"start":{"line":4,"column":20},"end":{"line":4,"column":47}},"1":{"start":{"line":7,"column":30},"end":{"line":7,"column":74}},"2":{"start":{"line":8,"column":31},"end":{"line":8,"column":76}},"3":{"start":{"line":9,"column":25},"end":{"line":9,"column":64}},"4":{"start":{"line":12,"column":4},"end":{"line":12,"column":46}},"5":{"start":{"line":13,"column":4},"end":{"line":19,"column":6}},"6":{"start":{"line":22,"column":4},"end":{"line":24,"column":7}},"7":{"start":{"line":23,"column":8},"end":{"line":23,"column":49}},"8":{"start":{"line":27,"column":4},"end":{"line":27,"column":33}},"9":{"start":{"line":28,"column":4},"end":{"line":28,"column":91}},"10":{"start":{"line":31,"column":32},"end":{"line":31,"column":76}},"11":{"start":{"line":32,"column":4},"end":{"line":87,"column":7}},"12":{"start":{"line":41,"column":8},"end":{"line":41,"column":49}},"13":{"start":{"line":50,"column":12},"end":{"line":50,"column":23}},"14":{"start":{"line":53,"column":8},"end":{"line":55,"column":9}},"15":{"start":{"line":54,"column":12},"end":{"line":54,"column":128}},"16":{"start":{"line":58,"column":8},"end":{"line":58,"column":136}},"17":{"start":{"line":61,"column":8},"end":{"line":61,"column":43}},"18":{"start":{"line":62,"column":8},"end":{"line":64,"column":48}},"19":{"start":{"line":67,"column":8},"end":{"line":72,"column":9}},"20":{"start":{"line":68,"column":12},"end":{"line":68,"column":54}},"21":{"start":{"line":69,"column":12},"end":{"line":71,"column":21}},"22":{"start":{"line":70,"column":16},"end":{"line":70,"column":50}},"23":{"start":{"line":75,"column":8},"end":{"line":75,"column":61}},"24":{"start":{"line":76,"column":8},"end":{"line":76,"column":49}},"25":{"start":{"line":77,"column":8},"end":{"line":77,"column":38}},"26":{"start":{"line":78,"column":8},"end":{"line":78,"column":58}},"27":{"start":{"line":81,"column":8},"end":{"line":83,"column":9}},"28":{"start":{"line":82,"column":12},"end":{"line":82,"column":72}},"29":{"start":{"line":86,"column":8},"end":{"line":86,"column":57}},"30":{"start":{"line":92,"column":31},"end":{"line":92,"column":76}},"31":{"start":{"line":95,"column":4},"end":{"line":95,"column":43}},"32":{"start":{"line":96,"column":4},"end":{"line":96,"column":42}},"33":{"start":{"line":97,"column":4},"end":{"line":97,"column":37}},"34":{"start":{"line":100,"column":4},"end":{"line":100,"column":47}},"35":{"start":{"line":101,"column":4},"end":{"line":101,"column":102}},"36":{"start":{"line":103,"column":4},"end":{"line":153,"column":5}},"37":{"start":{"line":104,"column":8},"end":{"line":112,"column":10}},"38":{"start":{"line":115,"column":28},"end":{"line":115,"column":61}},"39":{"start":{"line":116,"column":30},"end":{"line":116,"column":63}},"40":{"start":{"line":119,"column":28},"end":{"line":119,"column":81}},"41":{"start":{"line":120,"column":30},"end":{"line":120,"column":95}},"42":{"start":{"line":122,"column":26},"end":{"line":122,"column":78}},"43":{"start":{"line":123,"column":28},"end":{"line":123,"column":92}},"44":{"start":{"line":125,"column":28},"end":{"line":125,"column":111}},"45":{"start":{"line":126,"column":26},"end":{"line":126,"column":105}},"46":{"start":{"line":128,"column":35},"end":{"line":136,"column":9}},"47":{"start":{"line":139,"column":8},"end":{"line":152,"column":10}},"48":{"start":{"line":156,"column":0},"end":{"line":159,"column":2}}},"fnMap":{"0":{"name":"checkAvailability","decl":{"start":{"line":2,"column":9},"end":{"line":2,"column":26}},"loc":{"start":{"line":2,"column":71},"end":{"line":88,"column":1}},"line":2},"1":{"name":"(anonymous_1)","decl":{"start":{"line":22,"column":78},"end":{"line":22,"column":79}},"loc":{"start":{"line":22,"column":89},"end":{"line":24,"column":5}},"line":22},"2":{"name":"(anonymous_2)","decl":{"start":{"line":39,"column":12},"end":{"line":39,"column":13}},"loc":{"start":{"line":39,"column":24},"end":{"line":74,"column":5}},"line":39},"3":{"name":"(anonymous_3)","decl":{"start":{"line":69,"column":23},"end":{"line":69,"column":24}},"loc":{"start":{"line":69,"column":29},"end":{"line":71,"column":13}},"line":69},"4":{"name":"(anonymous_4)","decl":{"start":{"line":74,"column":13},"end":{"line":74,"column":14}},"loc":{"start":{"line":74,"column":24},"end":{"line":87,"column":5}},"line":74},"5":{"name":"displayAvailabilityStatus","decl":{"start":{"line":91,"column":9},"end":{"line":91,"column":34}},"loc":{"start":{"line":91,"column":121},"end":{"line":154,"column":1}},"line":91}},"branchMap":{"0":{"loc":{"start":{"line":53,"column":8},"end":{"line":55,"column":9}},"type":"if","locations":[{"start":{"line":53,"column":8},"end":{"line":55,"column":9}},{"start":{},"end":{}}],"line":53},"1":{"loc":{"start":{"line":53,"column":12},"end":{"line":53,"column":53}},"type":"binary-expr","locations":[{"start":{"line":53,"column":12},"end":{"line":53,"column":29}},{"start":{"line":53,"column":33},"end":{"line":53,"column":53}}],"line":53},"2":{"loc":{"start":{"line":54,"column":83},"end":{"line":54,"column":124}},"type":"cond-expr","locations":[{"start":{"line":54,"column":95},"end":{"line":54,"column":106}},{"start":{"line":54,"column":109},"end":{"line":54,"column":124}}],"line":54},"3":{"loc":{"start":{"line":58,"column":62},"end":{"line":58,"column":82}},"type":"binary-expr","locations":[{"start":{"line":58,"column":62},"end":{"line":58,"column":77}},{"start":{"line":58,"column":81},"end":{"line":58,"column":82}}],"line":58},"4":{"loc":{"start":{"line":58,"column":84},"end":{"line":58,"column":104}},"type":"binary-expr","locations":[{"start":{"line":58,"column":84},"end":{"line":58,"column":98}},{"start":{"line":58,"column":102},"end":{"line":58,"column":104}}],"line":58},"5":{"loc":{"start":{"line":58,"column":106},"end":{"line":58,"column":123}},"type":"binary-expr","locations":[{"start":{"line":58,"column":106},"end":{"line":58,"column":118}},{"start":{"line":58,"column":122},"end":{"line":58,"column":123}}],"line":58},"6":{"loc":{"start":{"line":62,"column":33},"end":{"line":64,"column":47}},"type":"cond-expr","locations":[{"start":{"line":63,"column":12},"end":{"line":63,"column":36}},{"start":{"line":64,"column":12},"end":{"line":64,"column":47}}],"line":62},"7":{"loc":{"start":{"line":67,"column":8},"end":{"line":72,"column":9}},"type":"if","locations":[{"start":{"line":67,"column":8},"end":{"line":72,"column":9}},{"start":{},"end":{}}],"line":67},"8":{"loc":{"start":{"line":81,"column":8},"end":{"line":83,"column":9}},"type":"if","locations":[{"start":{"line":81,"column":8},"end":{"line":83,"column":9}},{"start":{},"end":{}}],"line":81},"9":{"loc":{"start":{"line":95,"column":22},"end":{"line":95,"column":42}},"type":"binary-expr","locations":[{"start":{"line":95,"column":22},"end":{"line":95,"column":37}},{"start":{"line":95,"column":41},"end":{"line":95,"column":42}}],"line":95},"10":{"loc":{"start":{"line":96,"column":21},"end":{"line":96,"column":41}},"type":"binary-expr","locations":[{"start":{"line":96,"column":21},"end":{"line":96,"column":35}},{"start":{"line":96,"column":39},"end":{"line":96,"column":41}}],"line":96},"11":{"loc":{"start":{"line":97,"column":19},"end":{"line":97,"column":36}},"type":"binary-expr","locations":[{"start":{"line":97,"column":19},"end":{"line":97,"column":31}},{"start":{"line":97,"column":35},"end":{"line":97,"column":36}}],"line":97},"12":{"loc":{"start":{"line":101,"column":61},"end":{"line":101,"column":100}},"type":"cond-expr","locations":[{"start":{"line":101,"column":73},"end":{"line":101,"column":84}},{"start":{"line":101,"column":87},"end":{"line":101,"column":100}}],"line":101},"13":{"loc":{"start":{"line":103,"column":4},"end":{"line":153,"column":5}},"type":"if","locations":[{"start":{"line":103,"column":4},"end":{"line":153,"column":5}},{"start":{"line":113,"column":11},"end":{"line":153,"column":5}}],"line":103},"14":{"loc":{"start":{"line":119,"column":28},"end":{"line":119,"column":81}},"type":"cond-expr","locations":[{"start":{"line":119,"column":50},"end":{"line":119,"column":61}},{"start":{"line":119,"column":65},"end":{"line":119,"column":80}}],"line":119},"15":{"loc":{"start":{"line":120,"column":30},"end":{"line":120,"column":95}},"type":"cond-expr","locations":[{"start":{"line":120,"column":53},"end":{"line":120,"column":71}},{"start":{"line":120,"column":76},"end":{"line":120,"column":94}}],"line":120},"16":{"loc":{"start":{"line":122,"column":26},"end":{"line":122,"column":78}},"type":"cond-expr","locations":[{"start":{"line":122,"column":47},"end":{"line":122,"column":58}},{"start":{"line":122,"column":62},"end":{"line":122,"column":77}}],"line":122},"17":{"loc":{"start":{"line":123,"column":28},"end":{"line":123,"column":92}},"type":"cond-expr","locations":[{"start":{"line":123,"column":50},"end":{"line":123,"column":68}},{"start":{"line":123,"column":73},"end":{"line":123,"column":91}}],"line":123}},"s":{"0":6,"1":6,"2":6,"3":6,"4":6,"5":6,"6":6,"7":0,"8":6,"9":6,"10":6,"11":6,"12":5,"13":5,"14":5,"15":5,"16":5,"17":5,"18":5,"19":5,"20":4,"21":4,"22":0,"23":1,"24":1,"25":1,"26":1,"27":1,"28":1,"29":1,"30":10,"31":10,"32":10,"33":10,"34":10,"35":10,"36":10,"37":6,"38":4,"39":4,"40":4,"41":4,"42":4,"43":4,"44":4,"45":4,"46":4,"47":4,"48":1},"f":{"0":6,"1":0,"2":5,"3":0,"4":1,"5":10},"b":{"0":[5,0],"1":[5,5],"2":[4,1],"3":[5,1],"4":[5,0],"5":[5,0],"6":[4,1],"7":[4,1],"8":[1,0],"9":[10,5],"10":[10,1],"11":[10,1],"12":[6,4],"13":[6,4],"14":[1,3],"15":[1,3],"16":[3,1],"17":[3,1]},"_coverageSchema":"1a1c01bbd47fc00a2c39e90264f33305004495a9","hash":"0324ad9cc536e1d5f49d115bb1e177c5ce680489"}
,"/Users/matteonassini/reservations_online/js/components/form.js": {"path":"/Users/matteonassini/reservations_online/js/components/form.js","statementMap":{"0":{"start":{"line":4,"column":17},"end":{"line":4,"column":59}},"1":{"start":{"line":5,"column":33},"end":{"line":5,"column":75}},"2":{"start":{"line":6,"column":27},"end":{"line":6,"column":62}},"3":{"start":{"line":7,"column":28},"end":{"line":7,"column":64}},"4":{"start":{"line":8,"column":22},"end":{"line":8,"column":53}},"5":{"start":{"line":11,"column":4},"end":{"line":11,"column":22}},"6":{"start":{"line":14,"column":4},"end":{"line":16,"column":5}},"7":{"start":{"line":15,"column":8},"end":{"line":15,"column":67}},"8":{"start":{"line":18,"column":4},"end":{"line":23,"column":5}},"9":{"start":{"line":19,"column":8},"end":{"line":22,"column":11}},"10":{"start":{"line":20,"column":12},"end":{"line":20,"column":45}},"11":{"start":{"line":21,"column":12},"end":{"line":21,"column":43}},"12":{"start":{"line":25,"column":4},"end":{"line":36,"column":5}},"13":{"start":{"line":26,"column":8},"end":{"line":35,"column":11}},"14":{"start":{"line":27,"column":33},"end":{"line":27,"column":57}},"15":{"start":{"line":28,"column":12},"end":{"line":34,"column":13}},"16":{"start":{"line":30,"column":16},"end":{"line":30,"column":60}},"17":{"start":{"line":31,"column":16},"end":{"line":31,"column":72}},"18":{"start":{"line":33,"column":16},"end":{"line":33,"column":47}},"19":{"start":{"line":39,"column":4},"end":{"line":45,"column":7}},"20":{"start":{"line":40,"column":8},"end":{"line":44,"column":9}},"21":{"start":{"line":41,"column":12},"end":{"line":43,"column":15}},"22":{"start":{"line":42,"column":16},"end":{"line":42,"column":47}},"23":{"start":{"line":48,"column":4},"end":{"line":50,"column":5}},"24":{"start":{"line":49,"column":8},"end":{"line":49,"column":58}},"25":{"start":{"line":55,"column":28},"end":{"line":55,"column":63}},"26":{"start":{"line":56,"column":28},"end":{"line":56,"column":64}},"27":{"start":{"line":58,"column":4},"end":{"line":58,"column":53}},"28":{"start":{"line":58,"column":46},"end":{"line":58,"column":53}},"29":{"start":{"line":60,"column":21},"end":{"line":60,"column":42}},"30":{"start":{"line":63,"column":4},"end":{"line":63,"column":35}},"31":{"start":{"line":67,"column":4},"end":{"line":73,"column":5}},"32":{"start":{"line":68,"column":8},"end":{"line":68,"column":23}},"33":{"start":{"line":69,"column":8},"end":{"line":69,"column":24}},"34":{"start":{"line":71,"column":8},"end":{"line":71,"column":23}},"35":{"start":{"line":72,"column":8},"end":{"line":72,"column":24}},"36":{"start":{"line":76,"column":4},"end":{"line":85,"column":5}},"37":{"start":{"line":76,"column":17},"end":{"line":76,"column":26}},"38":{"start":{"line":77,"column":21},"end":{"line":77,"column":34}},"39":{"start":{"line":78,"column":23},"end":{"line":78,"column":38}},"40":{"start":{"line":79,"column":27},"end":{"line":79,"column":102}},"41":{"start":{"line":81,"column":23},"end":{"line":81,"column":55}},"42":{"start":{"line":82,"column":8},"end":{"line":82,"column":34}},"43":{"start":{"line":83,"column":8},"end":{"line":83,"column":40}},"44":{"start":{"line":84,"column":8},"end":{"line":84,"column":44}},"45":{"start":{"line":88,"column":4},"end":{"line":88,"column":48}},"46":{"start":{"line":91,"column":4},"end":{"line":91,"column":35}},"47":{"start":{"line":96,"column":25},"end":{"line":96,"column":64}},"48":{"start":{"line":98,"column":4},"end":{"line":101,"column":5}},"49":{"start":{"line":99,"column":8},"end":{"line":99,"column":61}},"50":{"start":{"line":99,"column":26},"end":{"line":99,"column":61}},"51":{"start":{"line":100,"column":8},"end":{"line":100,"column":15}},"52":{"start":{"line":103,"column":37},"end":{"line":103,"column":69}},"53":{"start":{"line":104,"column":18},"end":{"line":104,"column":31}},"54":{"start":{"line":105,"column":20},"end":{"line":105,"column":36}},"55":{"start":{"line":107,"column":4},"end":{"line":110,"column":5}},"56":{"start":{"line":108,"column":8},"end":{"line":108,"column":21}},"57":{"start":{"line":109,"column":8},"end":{"line":109,"column":24}},"58":{"start":{"line":112,"column":20},"end":{"line":112,"column":101}},"59":{"start":{"line":113,"column":4},"end":{"line":113,"column":39}},"60":{"start":{"line":118,"column":35},"end":{"line":118,"column":77}},"61":{"start":{"line":119,"column":24},"end":{"line":119,"column":55}},"62":{"start":{"line":120,"column":28},"end":{"line":120,"column":63}},"63":{"start":{"line":121,"column":29},"end":{"line":121,"column":65}},"64":{"start":{"line":123,"column":4},"end":{"line":123,"column":97}},"65":{"start":{"line":123,"column":90},"end":{"line":123,"column":97}},"66":{"start":{"line":125,"column":28},"end":{"line":125,"column":66}},"67":{"start":{"line":126,"column":17},"end":{"line":126,"column":34}},"68":{"start":{"line":127,"column":21},"end":{"line":127,"column":42}},"69":{"start":{"line":128,"column":22},"end":{"line":128,"column":44}},"70":{"start":{"line":130,"column":4},"end":{"line":134,"column":5}},"71":{"start":{"line":131,"column":8},"end":{"line":133,"column":9}},"72":{"start":{"line":132,"column":12},"end":{"line":132,"column":74}},"73":{"start":{"line":139,"column":37},"end":{"line":139,"column":69}},"74":{"start":{"line":140,"column":18},"end":{"line":140,"column":31}},"75":{"start":{"line":141,"column":20},"end":{"line":141,"column":78}},"76":{"start":{"line":143,"column":4},"end":{"line":146,"column":5}},"77":{"start":{"line":144,"column":8},"end":{"line":144,"column":21}},"78":{"start":{"line":145,"column":8},"end":{"line":145,"column":24}},"79":{"start":{"line":149,"column":4},"end":{"line":151,"column":5}},"80":{"start":{"line":150,"column":8},"end":{"line":150,"column":22}},"81":{"start":{"line":153,"column":4},"end":{"line":153,"column":87}},"82":{"start":{"line":158,"column":4},"end":{"line":160,"column":5}},"83":{"start":{"line":159,"column":8},"end":{"line":159,"column":27}},"84":{"start":{"line":163,"column":22},"end":{"line":163,"column":87}},"85":{"start":{"line":166,"column":25},"end":{"line":166,"column":64}},"86":{"start":{"line":167,"column":23},"end":{"line":167,"column":60}},"87":{"start":{"line":169,"column":4},"end":{"line":169,"column":58}},"88":{"start":{"line":169,"column":22},"end":{"line":169,"column":58}},"89":{"start":{"line":170,"column":4},"end":{"line":170,"column":54}},"90":{"start":{"line":170,"column":20},"end":{"line":170,"column":54}},"91":{"start":{"line":173,"column":21},"end":{"line":183,"column":5}},"92":{"start":{"line":186,"column":4},"end":{"line":196,"column":5}},"93":{"start":{"line":187,"column":33},"end":{"line":187,"column":66}},"94":{"start":{"line":190,"column":8},"end":{"line":195,"column":9}},"95":{"start":{"line":191,"column":12},"end":{"line":193,"column":13}},"96":{"start":{"line":192,"column":16},"end":{"line":192,"column":58}},"97":{"start":{"line":194,"column":12},"end":{"line":194,"column":19}},"98":{"start":{"line":199,"column":25},"end":{"line":199,"column":64}},"99":{"start":{"line":202,"column":4},"end":{"line":205,"column":5}},"100":{"start":{"line":203,"column":8},"end":{"line":203,"column":37}},"101":{"start":{"line":204,"column":8},"end":{"line":204,"column":151}},"102":{"start":{"line":208,"column":18},"end":{"line":208,"column":82}},"103":{"start":{"line":211,"column":20},"end":{"line":211,"column":75}},"104":{"start":{"line":214,"column":26},"end":{"line":214,"column":91}},"105":{"start":{"line":217,"column":23},"end":{"line":217,"column":40}},"106":{"start":{"line":220,"column":4},"end":{"line":224,"column":5}},"107":{"start":{"line":221,"column":8},"end":{"line":221,"column":78}},"108":{"start":{"line":223,"column":8},"end":{"line":223,"column":15}},"109":{"start":{"line":227,"column":4},"end":{"line":327,"column":5}},"110":{"start":{"line":228,"column":36},"end":{"line":228,"column":80}},"111":{"start":{"line":229,"column":8},"end":{"line":323,"column":11}},"112":{"start":{"line":237,"column":34},"end":{"line":237,"column":45}},"113":{"start":{"line":239,"column":12},"end":{"line":246,"column":13}},"114":{"start":{"line":241,"column":16},"end":{"line":241,"column":125}},"115":{"start":{"line":244,"column":16},"end":{"line":244,"column":36}},"116":{"start":{"line":245,"column":16},"end":{"line":245,"column":23}},"117":{"start":{"line":249,"column":32},"end":{"line":271,"column":13}},"118":{"start":{"line":274,"column":12},"end":{"line":274,"column":145}},"119":{"start":{"line":275,"column":12},"end":{"line":275,"column":58}},"120":{"start":{"line":278,"column":12},"end":{"line":313,"column":13}},"121":{"start":{"line":279,"column":16},"end":{"line":312,"column":23}},"122":{"start":{"line":283,"column":24},"end":{"line":283,"column":81}},"123":{"start":{"line":286,"column":24},"end":{"line":286,"column":128}},"124":{"start":{"line":289,"column":48},"end":{"line":289,"column":90}},"125":{"start":{"line":290,"column":24},"end":{"line":290,"column":69}},"126":{"start":{"line":290,"column":45},"end":{"line":290,"column":69}},"127":{"start":{"line":292,"column":42},"end":{"line":292,"column":73}},"128":{"start":{"line":293,"column":24},"end":{"line":293,"column":96}},"129":{"start":{"line":293,"column":39},"end":{"line":293,"column":96}},"130":{"start":{"line":295,"column":24},"end":{"line":295,"column":42}},"131":{"start":{"line":298,"column":24},"end":{"line":298,"column":44}},"132":{"start":{"line":301,"column":51},"end":{"line":301,"column":96}},"133":{"start":{"line":302,"column":24},"end":{"line":302,"column":90}},"134":{"start":{"line":302,"column":48},"end":{"line":302,"column":90}},"135":{"start":{"line":305,"column":24},"end":{"line":305,"column":74}},"136":{"start":{"line":308,"column":24},"end":{"line":308,"column":126}},"137":{"start":{"line":311,"column":24},"end":{"line":311,"column":44}},"138":{"start":{"line":316,"column":12},"end":{"line":316,"column":75}},"139":{"start":{"line":319,"column":12},"end":{"line":319,"column":124}},"140":{"start":{"line":322,"column":12},"end":{"line":322,"column":32}},"141":{"start":{"line":326,"column":8},"end":{"line":326,"column":82}},"142":{"start":{"line":332,"column":25},"end":{"line":332,"column":64}},"143":{"start":{"line":333,"column":4},"end":{"line":336,"column":5}},"144":{"start":{"line":334,"column":8},"end":{"line":334,"column":38}},"145":{"start":{"line":335,"column":8},"end":{"line":335,"column":105}},"146":{"start":{"line":341,"column":25},"end":{"line":341,"column":64}},"147":{"start":{"line":342,"column":4},"end":{"line":342,"column":30}},"148":{"start":{"line":342,"column":23},"end":{"line":342,"column":30}},"149":{"start":{"line":344,"column":4},"end":{"line":350,"column":6}},"150":{"start":{"line":351,"column":4},"end":{"line":351,"column":41}},"151":{"start":{"line":354,"column":24},"end":{"line":354,"column":66}},"152":{"start":{"line":355,"column":4},"end":{"line":359,"column":5}},"153":{"start":{"line":356,"column":8},"end":{"line":358,"column":11}},"154":{"start":{"line":357,"column":12},"end":{"line":357,"column":48}},"155":{"start":{"line":362,"column":4},"end":{"line":364,"column":5}},"156":{"start":{"line":363,"column":8},"end":{"line":363,"column":77}},"157":{"start":{"line":369,"column":23},"end":{"line":369,"column":60}},"158":{"start":{"line":370,"column":4},"end":{"line":370,"column":28}},"159":{"start":{"line":370,"column":21},"end":{"line":370,"column":28}},"160":{"start":{"line":372,"column":4},"end":{"line":378,"column":6}},"161":{"start":{"line":379,"column":4},"end":{"line":379,"column":39}},"162":{"start":{"line":382,"column":24},"end":{"line":382,"column":64}},"163":{"start":{"line":383,"column":4},"end":{"line":387,"column":5}},"164":{"start":{"line":384,"column":8},"end":{"line":386,"column":11}},"165":{"start":{"line":385,"column":12},"end":{"line":385,"column":46}},"166":{"start":{"line":393,"column":4},"end":{"line":393,"column":44}},"167":{"start":{"line":396,"column":0},"end":{"line":407,"column":2}}},"fnMap":{"0":{"name":"initializeFormHandlers","decl":{"start":{"line":2,"column":9},"end":{"line":2,"column":31}},"loc":{"start":{"line":2,"column":34},"end":{"line":51,"column":1}},"line":2},"1":{"name":"(anonymous_1)","decl":{"start":{"line":19,"column":51},"end":{"line":19,"column":52}},"loc":{"start":{"line":19,"column":62},"end":{"line":22,"column":9}},"line":19},"2":{"name":"(anonymous_2)","decl":{"start":{"line":26,"column":45},"end":{"line":26,"column":46}},"loc":{"start":{"line":26,"column":57},"end":{"line":35,"column":9}},"line":26},"3":{"name":"(anonymous_3)","decl":{"start":{"line":39,"column":79},"end":{"line":39,"column":80}},"loc":{"start":{"line":39,"column":90},"end":{"line":45,"column":5}},"line":39},"4":{"name":"(anonymous_4)","decl":{"start":{"line":41,"column":47},"end":{"line":41,"column":48}},"loc":{"start":{"line":41,"column":58},"end":{"line":43,"column":13}},"line":41},"5":{"name":"updateTimeSlots","decl":{"start":{"line":54,"column":9},"end":{"line":54,"column":24}},"loc":{"start":{"line":54,"column":27},"end":{"line":92,"column":1}},"line":54},"6":{"name":"updateEndTimeDisplay","decl":{"start":{"line":95,"column":9},"end":{"line":95,"column":29}},"loc":{"start":{"line":95,"column":41},"end":{"line":114,"column":1}},"line":95},"7":{"name":"checkAvailabilityIfFormValid","decl":{"start":{"line":117,"column":9},"end":{"line":117,"column":37}},"loc":{"start":{"line":117,"column":40},"end":{"line":135,"column":1}},"line":117},"8":{"name":"calculateEndTime","decl":{"start":{"line":138,"column":9},"end":{"line":138,"column":25}},"loc":{"start":{"line":138,"column":47},"end":{"line":154,"column":1}},"line":138},"9":{"name":"handleFormSubmit","decl":{"start":{"line":157,"column":9},"end":{"line":157,"column":25}},"loc":{"start":{"line":157,"column":29},"end":{"line":328,"column":1}},"line":157},"10":{"name":"(anonymous_10)","decl":{"start":{"line":236,"column":16},"end":{"line":236,"column":17}},"loc":{"start":{"line":236,"column":28},"end":{"line":315,"column":9}},"line":236},"11":{"name":"(anonymous_11)","decl":{"start":{"line":281,"column":26},"end":{"line":281,"column":27}},"loc":{"start":{"line":281,"column":32},"end":{"line":303,"column":21}},"line":281},"12":{"name":"(anonymous_12)","decl":{"start":{"line":304,"column":27},"end":{"line":304,"column":28}},"loc":{"start":{"line":304,"column":38},"end":{"line":312,"column":21}},"line":304},"13":{"name":"(anonymous_13)","decl":{"start":{"line":315,"column":17},"end":{"line":315,"column":18}},"loc":{"start":{"line":315,"column":28},"end":{"line":323,"column":9}},"line":315},"14":{"name":"resetSubmitButton","decl":{"start":{"line":331,"column":9},"end":{"line":331,"column":26}},"loc":{"start":{"line":331,"column":29},"end":{"line":337,"column":1}},"line":331},"15":{"name":"showSuccess","decl":{"start":{"line":340,"column":9},"end":{"line":340,"column":20}},"loc":{"start":{"line":340,"column":30},"end":{"line":365,"column":1}},"line":340},"16":{"name":"(anonymous_16)","decl":{"start":{"line":356,"column":46},"end":{"line":356,"column":47}},"loc":{"start":{"line":356,"column":57},"end":{"line":358,"column":9}},"line":356},"17":{"name":"showError","decl":{"start":{"line":368,"column":9},"end":{"line":368,"column":18}},"loc":{"start":{"line":368,"column":28},"end":{"line":388,"column":1}},"line":368},"18":{"name":"(anonymous_18)","decl":{"start":{"line":384,"column":46},"end":{"line":384,"column":47}},"loc":{"start":{"line":384,"column":57},"end":{"line":386,"column":9}},"line":384},"19":{"name":"checkAvailability","decl":{"start":{"line":391,"column":9},"end":{"line":391,"column":26}},"loc":{"start":{"line":391,"column":29},"end":{"line":394,"column":1}},"line":391}},"branchMap":{"0":{"loc":{"start":{"line":14,"column":4},"end":{"line":16,"column":5}},"type":"if","locations":[{"start":{"line":14,"column":4},"end":{"line":16,"column":5}},{"start":{},"end":{}}],"line":14},"1":{"loc":{"start":{"line":18,"column":4},"end":{"line":23,"column":5}},"type":"if","locations":[{"start":{"line":18,"column":4},"end":{"line":23,"column":5}},{"start":{},"end":{}}],"line":18},"2":{"loc":{"start":{"line":25,"column":4},"end":{"line":36,"column":5}},"type":"if","locations":[{"start":{"line":25,"column":4},"end":{"line":36,"column":5}},{"start":{},"end":{}}],"line":25},"3":{"loc":{"start":{"line":28,"column":12},"end":{"line":34,"column":13}},"type":"if","locations":[{"start":{"line":28,"column":12},"end":{"line":34,"column":13}},{"start":{"line":32,"column":19},"end":{"line":34,"column":13}}],"line":28},"4":{"loc":{"start":{"line":40,"column":8},"end":{"line":44,"column":9}},"type":"if","locations":[{"start":{"line":40,"column":8},"end":{"line":44,"column":9}},{"start":{},"end":{}}],"line":40},"5":{"loc":{"start":{"line":48,"column":4},"end":{"line":50,"column":5}},"type":"if","locations":[{"start":{"line":48,"column":4},"end":{"line":50,"column":5}},{"start":{},"end":{}}],"line":48},"6":{"loc":{"start":{"line":58,"column":4},"end":{"line":58,"column":53}},"type":"if","locations":[{"start":{"line":58,"column":4},"end":{"line":58,"column":53}},{"start":{},"end":{}}],"line":58},"7":{"loc":{"start":{"line":58,"column":8},"end":{"line":58,"column":44}},"type":"binary-expr","locations":[{"start":{"line":58,"column":8},"end":{"line":58,"column":24}},{"start":{"line":58,"column":28},"end":{"line":58,"column":44}}],"line":58},"8":{"loc":{"start":{"line":67,"column":4},"end":{"line":73,"column":5}},"type":"if","locations":[{"start":{"line":67,"column":4},"end":{"line":73,"column":5}},{"start":{"line":70,"column":11},"end":{"line":73,"column":5}}],"line":67},"9":{"loc":{"start":{"line":98,"column":4},"end":{"line":101,"column":5}},"type":"if","locations":[{"start":{"line":98,"column":4},"end":{"line":101,"column":5}},{"start":{},"end":{}}],"line":98},"10":{"loc":{"start":{"line":98,"column":8},"end":{"line":98,"column":35}},"type":"binary-expr","locations":[{"start":{"line":98,"column":8},"end":{"line":98,"column":21}},{"start":{"line":98,"column":25},"end":{"line":98,"column":35}}],"line":98},"11":{"loc":{"start":{"line":99,"column":8},"end":{"line":99,"column":61}},"type":"if","locations":[{"start":{"line":99,"column":8},"end":{"line":99,"column":61}},{"start":{},"end":{}}],"line":99},"12":{"loc":{"start":{"line":107,"column":4},"end":{"line":110,"column":5}},"type":"if","locations":[{"start":{"line":107,"column":4},"end":{"line":110,"column":5}},{"start":{},"end":{}}],"line":107},"13":{"loc":{"start":{"line":123,"column":4},"end":{"line":123,"column":97}},"type":"if","locations":[{"start":{"line":123,"column":4},"end":{"line":123,"column":97}},{"start":{},"end":{}}],"line":123},"14":{"loc":{"start":{"line":123,"column":8},"end":{"line":123,"column":88}},"type":"binary-expr","locations":[{"start":{"line":123,"column":8},"end":{"line":123,"column":31}},{"start":{"line":123,"column":35},"end":{"line":123,"column":47}},{"start":{"line":123,"column":51},"end":{"line":123,"column":67}},{"start":{"line":123,"column":71},"end":{"line":123,"column":88}}],"line":123},"15":{"loc":{"start":{"line":130,"column":4},"end":{"line":134,"column":5}},"type":"if","locations":[{"start":{"line":130,"column":4},"end":{"line":134,"column":5}},{"start":{},"end":{}}],"line":130},"16":{"loc":{"start":{"line":130,"column":8},"end":{"line":130,"column":56}},"type":"binary-expr","locations":[{"start":{"line":130,"column":8},"end":{"line":130,"column":23}},{"start":{"line":130,"column":27},"end":{"line":130,"column":31}},{"start":{"line":130,"column":35},"end":{"line":130,"column":43}},{"start":{"line":130,"column":47},"end":{"line":130,"column":56}}],"line":130},"17":{"loc":{"start":{"line":131,"column":8},"end":{"line":133,"column":9}},"type":"if","locations":[{"start":{"line":131,"column":8},"end":{"line":133,"column":9}},{"start":{},"end":{}}],"line":131},"18":{"loc":{"start":{"line":141,"column":20},"end":{"line":141,"column":78}},"type":"cond-expr","locations":[{"start":{"line":141,"column":43},"end":{"line":141,"column":59}},{"start":{"line":141,"column":62},"end":{"line":141,"column":78}}],"line":141},"19":{"loc":{"start":{"line":143,"column":4},"end":{"line":146,"column":5}},"type":"if","locations":[{"start":{"line":143,"column":4},"end":{"line":146,"column":5}},{"start":{},"end":{}}],"line":143},"20":{"loc":{"start":{"line":149,"column":4},"end":{"line":151,"column":5}},"type":"if","locations":[{"start":{"line":149,"column":4},"end":{"line":151,"column":5}},{"start":{},"end":{}}],"line":149},"21":{"loc":{"start":{"line":158,"column":4},"end":{"line":160,"column":5}},"type":"if","locations":[{"start":{"line":158,"column":4},"end":{"line":160,"column":5}},{"start":{},"end":{}}],"line":158},"22":{"loc":{"start":{"line":158,"column":8},"end":{"line":158,"column":29}},"type":"binary-expr","locations":[{"start":{"line":158,"column":8},"end":{"line":158,"column":9}},{"start":{"line":158,"column":13},"end":{"line":158,"column":29}}],"line":158},"23":{"loc":{"start":{"line":163,"column":22},"end":{"line":163,"column":87}},"type":"binary-expr","locations":[{"start":{"line":163,"column":22},"end":{"line":163,"column":49}},{"start":{"line":163,"column":53},"end":{"line":163,"column":87}}],"line":163},"24":{"loc":{"start":{"line":169,"column":4},"end":{"line":169,"column":58}},"type":"if","locations":[{"start":{"line":169,"column":4},"end":{"line":169,"column":58}},{"start":{},"end":{}}],"line":169},"25":{"loc":{"start":{"line":170,"column":4},"end":{"line":170,"column":54}},"type":"if","locations":[{"start":{"line":170,"column":4},"end":{"line":170,"column":54}},{"start":{},"end":{}}],"line":170},"26":{"loc":{"start":{"line":174,"column":14},"end":{"line":174,"column":58}},"type":"binary-expr","locations":[{"start":{"line":174,"column":14},"end":{"line":174,"column":52}},{"start":{"line":174,"column":56},"end":{"line":174,"column":58}}],"line":174},"27":{"loc":{"start":{"line":175,"column":15},"end":{"line":175,"column":60}},"type":"binary-expr","locations":[{"start":{"line":175,"column":15},"end":{"line":175,"column":54}},{"start":{"line":175,"column":58},"end":{"line":175,"column":60}}],"line":175},"28":{"loc":{"start":{"line":176,"column":15},"end":{"line":176,"column":60}},"type":"binary-expr","locations":[{"start":{"line":176,"column":15},"end":{"line":176,"column":54}},{"start":{"line":176,"column":58},"end":{"line":176,"column":60}}],"line":176},"29":{"loc":{"start":{"line":177,"column":34},"end":{"line":177,"column":90}},"type":"binary-expr","locations":[{"start":{"line":177,"column":34},"end":{"line":177,"column":83}},{"start":{"line":177,"column":87},"end":{"line":177,"column":90}}],"line":177},"30":{"loc":{"start":{"line":178,"column":14},"end":{"line":178,"column":58}},"type":"binary-expr","locations":[{"start":{"line":178,"column":14},"end":{"line":178,"column":52}},{"start":{"line":178,"column":56},"end":{"line":178,"column":58}}],"line":178},"31":{"loc":{"start":{"line":179,"column":18},"end":{"line":179,"column":66}},"type":"binary-expr","locations":[{"start":{"line":179,"column":18},"end":{"line":179,"column":60}},{"start":{"line":179,"column":64},"end":{"line":179,"column":66}}],"line":179},"32":{"loc":{"start":{"line":180,"column":19},"end":{"line":180,"column":68}},"type":"binary-expr","locations":[{"start":{"line":180,"column":19},"end":{"line":180,"column":62}},{"start":{"line":180,"column":66},"end":{"line":180,"column":68}}],"line":180},"33":{"loc":{"start":{"line":181,"column":15},"end":{"line":181,"column":60}},"type":"binary-expr","locations":[{"start":{"line":181,"column":15},"end":{"line":181,"column":54}},{"start":{"line":181,"column":58},"end":{"line":181,"column":60}}],"line":181},"34":{"loc":{"start":{"line":182,"column":27},"end":{"line":182,"column":86}},"type":"binary-expr","locations":[{"start":{"line":182,"column":27},"end":{"line":182,"column":78}},{"start":{"line":182,"column":82},"end":{"line":182,"column":86}}],"line":182},"35":{"loc":{"start":{"line":186,"column":4},"end":{"line":196,"column":5}},"type":"if","locations":[{"start":{"line":186,"column":4},"end":{"line":196,"column":5}},{"start":{},"end":{}}],"line":186},"36":{"loc":{"start":{"line":190,"column":8},"end":{"line":195,"column":9}},"type":"if","locations":[{"start":{"line":190,"column":8},"end":{"line":195,"column":9}},{"start":{},"end":{}}],"line":190},"37":{"loc":{"start":{"line":191,"column":12},"end":{"line":193,"column":13}},"type":"if","locations":[{"start":{"line":191,"column":12},"end":{"line":193,"column":13}},{"start":{},"end":{}}],"line":191},"38":{"loc":{"start":{"line":202,"column":4},"end":{"line":205,"column":5}},"type":"if","locations":[{"start":{"line":202,"column":4},"end":{"line":205,"column":5}},{"start":{},"end":{}}],"line":202},"39":{"loc":{"start":{"line":204,"column":66},"end":{"line":204,"column":148}},"type":"cond-expr","locations":[{"start":{"line":204,"column":102},"end":{"line":204,"column":130}},{"start":{"line":204,"column":133},"end":{"line":204,"column":148}}],"line":204},"40":{"loc":{"start":{"line":214,"column":26},"end":{"line":214,"column":91}},"type":"cond-expr","locations":[{"start":{"line":214,"column":65},"end":{"line":214,"column":79}},{"start":{"line":214,"column":82},"end":{"line":214,"column":91}}],"line":214},"41":{"loc":{"start":{"line":220,"column":4},"end":{"line":224,"column":5}},"type":"if","locations":[{"start":{"line":220,"column":4},"end":{"line":224,"column":5}},{"start":{},"end":{}}],"line":220},"42":{"loc":{"start":{"line":227,"column":4},"end":{"line":327,"column":5}},"type":"if","locations":[{"start":{"line":227,"column":4},"end":{"line":327,"column":5}},{"start":{"line":324,"column":11},"end":{"line":327,"column":5}}],"line":227},"43":{"loc":{"start":{"line":227,"column":8},"end":{"line":227,"column":89}},"type":"binary-expr","locations":[{"start":{"line":227,"column":8},"end":{"line":227,"column":40}},{"start":{"line":227,"column":44},"end":{"line":227,"column":89}}],"line":227},"44":{"loc":{"start":{"line":235,"column":21},"end":{"line":235,"column":94}},"type":"cond-expr","locations":[{"start":{"line":235,"column":66},"end":{"line":235,"column":86}},{"start":{"line":235,"column":89},"end":{"line":235,"column":94}}],"line":235},"45":{"loc":{"start":{"line":239,"column":12},"end":{"line":246,"column":13}},"type":"if","locations":[{"start":{"line":239,"column":12},"end":{"line":246,"column":13}},{"start":{},"end":{}}],"line":239},"46":{"loc":{"start":{"line":241,"column":26},"end":{"line":241,"column":123}},"type":"cond-expr","locations":[{"start":{"line":241,"column":62},"end":{"line":241,"column":99}},{"start":{"line":241,"column":102},"end":{"line":241,"column":123}}],"line":241},"47":{"loc":{"start":{"line":274,"column":61},"end":{"line":274,"column":141}},"type":"cond-expr","locations":[{"start":{"line":274,"column":105},"end":{"line":274,"column":124}},{"start":{"line":274,"column":127},"end":{"line":274,"column":141}}],"line":274},"48":{"loc":{"start":{"line":278,"column":12},"end":{"line":313,"column":13}},"type":"if","locations":[{"start":{"line":278,"column":12},"end":{"line":313,"column":13}},{"start":{},"end":{}}],"line":278},"49":{"loc":{"start":{"line":278,"column":16},"end":{"line":278,"column":80}},"type":"binary-expr","locations":[{"start":{"line":278,"column":16},"end":{"line":278,"column":41}},{"start":{"line":278,"column":45},"end":{"line":278,"column":80}}],"line":278},"50":{"loc":{"start":{"line":279,"column":30},"end":{"line":279,"column":110}},"type":"cond-expr","locations":[{"start":{"line":279,"column":74},"end":{"line":279,"column":93}},{"start":{"line":279,"column":96},"end":{"line":279,"column":110}}],"line":279},"51":{"loc":{"start":{"line":286,"column":36},"end":{"line":286,"column":126}},"type":"cond-expr","locations":[{"start":{"line":286,"column":72},"end":{"line":286,"column":99}},{"start":{"line":286,"column":102},"end":{"line":286,"column":126}}],"line":286},"52":{"loc":{"start":{"line":290,"column":24},"end":{"line":290,"column":69}},"type":"if","locations":[{"start":{"line":290,"column":24},"end":{"line":290,"column":69}},{"start":{},"end":{}}],"line":290},"53":{"loc":{"start":{"line":293,"column":24},"end":{"line":293,"column":96}},"type":"if","locations":[{"start":{"line":293,"column":24},"end":{"line":293,"column":96}},{"start":{},"end":{}}],"line":293},"54":{"loc":{"start":{"line":302,"column":24},"end":{"line":302,"column":90}},"type":"if","locations":[{"start":{"line":302,"column":24},"end":{"line":302,"column":90}},{"start":{},"end":{}}],"line":302},"55":{"loc":{"start":{"line":308,"column":34},"end":{"line":308,"column":124}},"type":"cond-expr","locations":[{"start":{"line":308,"column":70},"end":{"line":308,"column":95}},{"start":{"line":308,"column":98},"end":{"line":308,"column":124}}],"line":308},"56":{"loc":{"start":{"line":319,"column":22},"end":{"line":319,"column":122}},"type":"cond-expr","locations":[{"start":{"line":319,"column":58},"end":{"line":319,"column":93}},{"start":{"line":319,"column":96},"end":{"line":319,"column":122}}],"line":319},"57":{"loc":{"start":{"line":333,"column":4},"end":{"line":336,"column":5}},"type":"if","locations":[{"start":{"line":333,"column":4},"end":{"line":336,"column":5}},{"start":{},"end":{}}],"line":333},"58":{"loc":{"start":{"line":335,"column":33},"end":{"line":335,"column":104}},"type":"cond-expr","locations":[{"start":{"line":335,"column":69},"end":{"line":335,"column":93}},{"start":{"line":335,"column":96},"end":{"line":335,"column":104}}],"line":335},"59":{"loc":{"start":{"line":342,"column":4},"end":{"line":342,"column":30}},"type":"if","locations":[{"start":{"line":342,"column":4},"end":{"line":342,"column":30}},{"start":{},"end":{}}],"line":342},"60":{"loc":{"start":{"line":355,"column":4},"end":{"line":359,"column":5}},"type":"if","locations":[{"start":{"line":355,"column":4},"end":{"line":359,"column":5}},{"start":{},"end":{}}],"line":355},"61":{"loc":{"start":{"line":362,"column":4},"end":{"line":364,"column":5}},"type":"if","locations":[{"start":{"line":362,"column":4},"end":{"line":364,"column":5}},{"start":{},"end":{}}],"line":362},"62":{"loc":{"start":{"line":370,"column":4},"end":{"line":370,"column":28}},"type":"if","locations":[{"start":{"line":370,"column":4},"end":{"line":370,"column":28}},{"start":{},"end":{}}],"line":370},"63":{"loc":{"start":{"line":383,"column":4},"end":{"line":387,"column":5}},"type":"if","locations":[{"start":{"line":383,"column":4},"end":{"line":387,"column":5}},{"start":{},"end":{}}],"line":383}},"s":{"0":0,"1":0,"2":0,"3":0,"4":0,"5":0,"6":0,"7":0,"8":0,"9":0,"10":0,"11":0,"12":0,"13":0,"14":0,"15":0,"16":0,"17":0,"18":0,"19":0,"20":0,"21":0,"22":0,"23":0,"24":0,"25":0,"26":0,"27":0,"28":0,"29":0,"30":0,"31":0,"32":0,"33":0,"34":0,"35":0,"36":0,"37":0,"38":0,"39":0,"40":0,"41":0,"42":0,"43":0,"44":0,"45":0,"46":0,"47":0,"48":0,"49":0,"50":0,"51":0,"52":0,"53":0,"54":0,"55":0,"56":0,"57":0,"58":0,"59":0,"60":0,"61":0,"62":0,"63":0,"64":0,"65":0,"66":0,"67":0,"68":0,"69":0,"70":0,"71":0,"72":0,"73":6,"74":6,"75":6,"76":6,"77":1,"78":1,"79":6,"80":1,"81":6,"82":4,"83":4,"84":4,"85":4,"86":4,"87":4,"88":4,"89":4,"90":4,"91":4,"92":4,"93":4,"94":4,"95":1,"96":1,"97":1,"98":3,"99":3,"100":3,"101":3,"102":3,"103":3,"104":3,"105":3,"106":3,"107":3,"108":3,"109":0,"110":0,"111":0,"112":0,"113":0,"114":0,"115":0,"116":0,"117":0,"118":0,"119":0,"120":0,"121":0,"122":0,"123":0,"124":0,"125":0,"126":0,"127":0,"128":0,"129":0,"130":0,"131":0,"132":0,"133":0,"134":0,"135":0,"136":0,"137":0,"138":0,"139":0,"140":0,"141":0,"142":0,"143":0,"144":0,"145":0,"146":0,"147":0,"148":0,"149":0,"150":0,"151":0,"152":0,"153":0,"154":0,"155":0,"156":0,"157":2,"158":2,"159":0,"160":2,"161":2,"162":2,"163":2,"164":2,"165":0,"166":0,"167":1},"f":{"0":0,"1":0,"2":0,"3":0,"4":0,"5":0,"6":0,"7":0,"8":6,"9":4,"10":0,"11":0,"12":0,"13":0,"14":0,"15":0,"16":0,"17":2,"18":0,"19":0},"b":{"0":[0,0],"1":[0,0],"2":[0,0],"3":[0,0],"4":[0,0],"5":[0,0],"6":[0,0],"7":[0,0],"8":[0,0],"9":[0,0],"10":[0,0],"11":[0,0],"12":[0,0],"13":[0,0],"14":[0,0,0,0],"15":[0,0],"16":[0,0,0,0],"17":[0,0],"18":[1,5],"19":[1,5],"20":[1,5],"21":[4,0],"22":[4,4],"23":[4,0],"24":[4,0],"25":[4,0],"26":[4,0],"27":[4,0],"28":[4,0],"29":[4,0],"30":[4,0],"31":[4,0],"32":[4,0],"33":[4,0],"34":[4,0],"35":[4,0],"36":[1,3],"37":[1,0],"38":[3,0],"39":[0,3],"40":[0,3],"41":[3,0],"42":[0,0],"43":[0,0],"44":[0,0],"45":[0,0],"46":[0,0],"47":[0,0],"48":[0,0],"49":[0,0],"50":[0,0],"51":[0,0],"52":[0,0],"53":[0,0],"54":[0,0],"55":[0,0],"56":[0,0],"57":[0,0],"58":[0,0],"59":[0,0],"60":[0,0],"61":[0,0],"62":[0,2],"63":[2,0]},"_coverageSchema":"1a1c01bbd47fc00a2c39e90264f33305004495a9","hash":"f70b813422ae486acb9edab8546fcb77432dd00c"}
,"/Users/matteonassini/reservations_online/js/components/modal.js": {"path":"/Users/matteonassini/reservations_online/js/components/modal.js","statementMap":{"0":{"start":{"line":2,"column":29},"end":{"line":2,"column":33}},"1":{"start":{"line":7,"column":25},"end":{"line":7,"column":64}},"2":{"start":{"line":8,"column":23},"end":{"line":8,"column":60}},"3":{"start":{"line":9,"column":24},"end":{"line":9,"column":62}},"4":{"start":{"line":10,"column":25},"end":{"line":10,"column":64}},"5":{"start":{"line":13,"column":4},"end":{"line":15,"column":7}},"6":{"start":{"line":14,"column":8},"end":{"line":14,"column":44}},"7":{"start":{"line":18,"column":4},"end":{"line":20,"column":7}},"8":{"start":{"line":19,"column":8},"end":{"line":19,"column":44}},"9":{"start":{"line":23,"column":4},"end":{"line":29,"column":7}},"10":{"start":{"line":24,"column":8},"end":{"line":26,"column":9}},"11":{"start":{"line":25,"column":12},"end":{"line":25,"column":37}},"12":{"start":{"line":27,"column":8},"end":{"line":27,"column":44}},"13":{"start":{"line":28,"column":8},"end":{"line":28,"column":38}},"14":{"start":{"line":32,"column":4},"end":{"line":36,"column":7}},"15":{"start":{"line":33,"column":8},"end":{"line":35,"column":9}},"16":{"start":{"line":34,"column":12},"end":{"line":34,"column":48}},"17":{"start":{"line":41,"column":25},"end":{"line":41,"column":64}},"18":{"start":{"line":42,"column":25},"end":{"line":42,"column":64}},"19":{"start":{"line":44,"column":4},"end":{"line":44,"column":39}},"20":{"start":{"line":45,"column":4},"end":{"line":45,"column":38}},"21":{"start":{"line":46,"column":4},"end":{"line":46,"column":41}},"22":{"start":{"line":50,"column":0},"end":{"line":50,"column":41}},"23":{"start":{"line":51,"column":0},"end":{"line":51,"column":53}},"24":{"start":{"line":54,"column":0},"end":{"line":57,"column":2}}},"fnMap":{"0":{"name":"initializeModal","decl":{"start":{"line":5,"column":9},"end":{"line":5,"column":24}},"loc":{"start":{"line":5,"column":27},"end":{"line":37,"column":1}},"line":5},"1":{"name":"(anonymous_1)","decl":{"start":{"line":13,"column":41},"end":{"line":13,"column":42}},"loc":{"start":{"line":13,"column":52},"end":{"line":15,"column":5}},"line":13},"2":{"name":"(anonymous_2)","decl":{"start":{"line":18,"column":42},"end":{"line":18,"column":43}},"loc":{"start":{"line":18,"column":53},"end":{"line":20,"column":5}},"line":18},"3":{"name":"(anonymous_3)","decl":{"start":{"line":23,"column":43},"end":{"line":23,"column":44}},"loc":{"start":{"line":23,"column":54},"end":{"line":29,"column":5}},"line":23},"4":{"name":"(anonymous_4)","decl":{"start":{"line":32,"column":43},"end":{"line":32,"column":44}},"loc":{"start":{"line":32,"column":59},"end":{"line":36,"column":5}},"line":32},"5":{"name":"showConfirmationModal","decl":{"start":{"line":40,"column":9},"end":{"line":40,"column":30}},"loc":{"start":{"line":40,"column":50},"end":{"line":47,"column":1}},"line":40}},"branchMap":{"0":{"loc":{"start":{"line":24,"column":8},"end":{"line":26,"column":9}},"type":"if","locations":[{"start":{"line":24,"column":8},"end":{"line":26,"column":9}},{"start":{},"end":{}}],"line":24},"1":{"loc":{"start":{"line":33,"column":8},"end":{"line":35,"column":9}},"type":"if","locations":[{"start":{"line":33,"column":8},"end":{"line":35,"column":9}},{"start":{},"end":{}}],"line":33}},"s":{"0":1,"1":8,"2":8,"3":8,"4":8,"5":8,"6":1,"7":8,"8":1,"9":8,"10":1,"11":1,"12":1,"13":1,"14":8,"15":2,"16":1,"17":6,"18":6,"19":6,"20":6,"21":6,"22":1,"23":1,"24":1},"f":{"0":8,"1":1,"2":1,"3":1,"4":2,"5":6},"b":{"0":[1,0],"1":[1,1]},"_coverageSchema":"1a1c01bbd47fc00a2c39e90264f33305004495a9","hash":"c6675b8fa4aefd56e63bece9d186af6d945d87bd"}
,"/Users/matteonassini/reservations_online/js/services/auth.js": {"path":"/Users/matteonassini/reservations_online/js/services/auth.js","statementMap":{"0":{"start":{"line":3,"column":18},"end":{"line":3,"column":22}},"1":{"start":{"line":7,"column":0},"end":{"line":14,"column":1}},"2":{"start":{"line":11,"column":4},"end":{"line":13,"column":5}},"3":{"start":{"line":12,"column":8},"end":{"line":12,"column":62}},"4":{"start":{"line":19,"column":4},"end":{"line":19,"column":27}},"5":{"start":{"line":22,"column":4},"end":{"line":22,"column":27}},"6":{"start":{"line":25,"column":4},"end":{"line":25,"column":25}},"7":{"start":{"line":28,"column":4},"end":{"line":28,"column":49}},"8":{"start":{"line":29,"column":4},"end":{"line":29,"column":31}},"9":{"start":{"line":30,"column":4},"end":{"line":30,"column":37}},"10":{"start":{"line":31,"column":4},"end":{"line":31,"column":29}},"11":{"start":{"line":32,"column":4},"end":{"line":32,"column":43}},"12":{"start":{"line":38,"column":4},"end":{"line":38,"column":44}},"13":{"start":{"line":38,"column":37},"end":{"line":38,"column":44}},"14":{"start":{"line":40,"column":24},"end":{"line":40,"column":64}},"15":{"start":{"line":41,"column":4},"end":{"line":50,"column":5}},"16":{"start":{"line":42,"column":8},"end":{"line":49,"column":9}},"17":{"start":{"line":43,"column":33},"end":{"line":43,"column":56}},"18":{"start":{"line":44,"column":12},"end":{"line":46,"column":13}},"19":{"start":{"line":45,"column":16},"end":{"line":45,"column":55}},"20":{"start":{"line":48,"column":12},"end":{"line":48,"column":65}},"21":{"start":{"line":55,"column":4},"end":{"line":55,"column":22}},"22":{"start":{"line":55,"column":15},"end":{"line":55,"column":22}},"23":{"start":{"line":57,"column":4},"end":{"line":101,"column":7}},"24":{"start":{"line":58,"column":8},"end":{"line":100,"column":9}},"25":{"start":{"line":60,"column":12},"end":{"line":60,"column":31}},"26":{"start":{"line":61,"column":12},"end":{"line":61,"column":55}},"27":{"start":{"line":64,"column":12},"end":{"line":91,"column":13}},"28":{"start":{"line":66,"column":42},"end":{"line":66,"column":86}},"29":{"start":{"line":67,"column":37},"end":{"line":67,"column":76}},"30":{"start":{"line":69,"column":16},"end":{"line":69,"column":80}},"31":{"start":{"line":69,"column":39},"end":{"line":69,"column":80}},"32":{"start":{"line":70,"column":16},"end":{"line":70,"column":71}},"33":{"start":{"line":70,"column":34},"end":{"line":70,"column":71}},"34":{"start":{"line":73,"column":35},"end":{"line":73,"column":72}},"35":{"start":{"line":74,"column":33},"end":{"line":74,"column":68}},"36":{"start":{"line":75,"column":34},"end":{"line":75,"column":70}},"37":{"start":{"line":77,"column":16},"end":{"line":77,"column":99}},"38":{"start":{"line":77,"column":32},"end":{"line":77,"column":99}},"39":{"start":{"line":78,"column":16},"end":{"line":78,"column":86}},"40":{"start":{"line":78,"column":30},"end":{"line":78,"column":86}},"41":{"start":{"line":79,"column":16},"end":{"line":79,"column":66}},"42":{"start":{"line":79,"column":31},"end":{"line":79,"column":66}},"43":{"start":{"line":81,"column":16},"end":{"line":81,"column":52}},"44":{"start":{"line":84,"column":16},"end":{"line":84,"column":34}},"45":{"start":{"line":87,"column":16},"end":{"line":89,"column":17}},"46":{"start":{"line":88,"column":20},"end":{"line":88,"column":81}},"47":{"start":{"line":90,"column":16},"end":{"line":90,"column":26}},"48":{"start":{"line":94,"column":12},"end":{"line":94,"column":43}},"49":{"start":{"line":95,"column":38},"end":{"line":95,"column":82}},"50":{"start":{"line":96,"column":33},"end":{"line":96,"column":72}},"51":{"start":{"line":98,"column":12},"end":{"line":98,"column":76}},"52":{"start":{"line":98,"column":35},"end":{"line":98,"column":76}},"53":{"start":{"line":99,"column":12},"end":{"line":99,"column":66}},"54":{"start":{"line":99,"column":30},"end":{"line":99,"column":66}},"55":{"start":{"line":106,"column":21},"end":{"line":106,"column":59}},"56":{"start":{"line":107,"column":4},"end":{"line":112,"column":7}},"57":{"start":{"line":108,"column":8},"end":{"line":108,"column":62}},"58":{"start":{"line":109,"column":8},"end":{"line":111,"column":9}},"59":{"start":{"line":110,"column":12},"end":{"line":110,"column":58}},"60":{"start":{"line":117,"column":4},"end":{"line":117,"column":22}},"61":{"start":{"line":117,"column":15},"end":{"line":117,"column":22}},"62":{"start":{"line":119,"column":4},"end":{"line":133,"column":7}},"63":{"start":{"line":120,"column":34},"end":{"line":120,"column":78}},"64":{"start":{"line":121,"column":29},"end":{"line":121,"column":68}},"65":{"start":{"line":123,"column":8},"end":{"line":123,"column":72}},"66":{"start":{"line":123,"column":31},"end":{"line":123,"column":72}},"67":{"start":{"line":124,"column":8},"end":{"line":124,"column":62}},"68":{"start":{"line":124,"column":26},"end":{"line":124,"column":62}},"69":{"start":{"line":126,"column":8},"end":{"line":126,"column":27}},"70":{"start":{"line":127,"column":8},"end":{"line":127,"column":39}},"71":{"start":{"line":129,"column":8},"end":{"line":129,"column":51}},"72":{"start":{"line":130,"column":8},"end":{"line":132,"column":9}},"73":{"start":{"line":131,"column":12},"end":{"line":131,"column":59}},"74":{"start":{"line":138,"column":4},"end":{"line":138,"column":51}},"75":{"start":{"line":143,"column":4},"end":{"line":148,"column":5}},"76":{"start":{"line":144,"column":8},"end":{"line":146,"column":9}},"77":{"start":{"line":145,"column":12},"end":{"line":145,"column":87}},"78":{"start":{"line":147,"column":8},"end":{"line":147,"column":15}},"79":{"start":{"line":150,"column":4},"end":{"line":155,"column":5}},"80":{"start":{"line":151,"column":8},"end":{"line":153,"column":9}},"81":{"start":{"line":152,"column":12},"end":{"line":152,"column":88}},"82":{"start":{"line":154,"column":8},"end":{"line":154,"column":15}},"83":{"start":{"line":157,"column":4},"end":{"line":162,"column":5}},"84":{"start":{"line":158,"column":8},"end":{"line":160,"column":9}},"85":{"start":{"line":159,"column":12},"end":{"line":159,"column":98}},"86":{"start":{"line":161,"column":8},"end":{"line":161,"column":15}},"87":{"start":{"line":165,"column":4},"end":{"line":165,"column":40}},"88":{"start":{"line":168,"column":4},"end":{"line":170,"column":5}},"89":{"start":{"line":169,"column":8},"end":{"line":169,"column":90}},"90":{"start":{"line":173,"column":4},"end":{"line":177,"column":5}},"91":{"start":{"line":174,"column":8},"end":{"line":174,"column":26}},"92":{"start":{"line":175,"column":30},"end":{"line":175,"column":70}},"93":{"start":{"line":176,"column":8},"end":{"line":176,"column":52}},"94":{"start":{"line":176,"column":27},"end":{"line":176,"column":52}},"95":{"start":{"line":179,"column":4},"end":{"line":179,"column":43}},"96":{"start":{"line":185,"column":4},"end":{"line":203,"column":5}},"97":{"start":{"line":186,"column":22},"end":{"line":186,"column":60}},"98":{"start":{"line":187,"column":8},"end":{"line":201,"column":9}},"99":{"start":{"line":188,"column":12},"end":{"line":188,"column":53}},"100":{"start":{"line":191,"column":12},"end":{"line":193,"column":13}},"101":{"start":{"line":192,"column":16},"end":{"line":192,"column":98}},"102":{"start":{"line":195,"column":12},"end":{"line":195,"column":61}},"103":{"start":{"line":198,"column":12},"end":{"line":200,"column":13}},"104":{"start":{"line":199,"column":16},"end":{"line":199,"column":26}},"105":{"start":{"line":202,"column":8},"end":{"line":202,"column":15}},"106":{"start":{"line":206,"column":4},"end":{"line":211,"column":5}},"107":{"start":{"line":207,"column":8},"end":{"line":209,"column":9}},"108":{"start":{"line":208,"column":12},"end":{"line":208,"column":102}},"109":{"start":{"line":210,"column":8},"end":{"line":210,"column":15}},"110":{"start":{"line":214,"column":4},"end":{"line":240,"column":5}},"111":{"start":{"line":215,"column":8},"end":{"line":231,"column":10}},"112":{"start":{"line":218,"column":30},"end":{"line":218,"column":68}},"113":{"start":{"line":219,"column":16},"end":{"line":229,"column":17}},"114":{"start":{"line":220,"column":20},"end":{"line":220,"column":61}},"115":{"start":{"line":221,"column":20},"end":{"line":221,"column":102}},"116":{"start":{"line":222,"column":20},"end":{"line":222,"column":38}},"117":{"start":{"line":223,"column":20},"end":{"line":223,"column":69}},"118":{"start":{"line":226,"column":20},"end":{"line":228,"column":21}},"119":{"start":{"line":227,"column":24},"end":{"line":227,"column":34}},"120":{"start":{"line":234,"column":22},"end":{"line":234,"column":60}},"121":{"start":{"line":235,"column":8},"end":{"line":239,"column":9}},"122":{"start":{"line":236,"column":12},"end":{"line":236,"column":53}},"123":{"start":{"line":237,"column":12},"end":{"line":237,"column":94}},"124":{"start":{"line":238,"column":12},"end":{"line":238,"column":61}},"125":{"start":{"line":245,"column":22},"end":{"line":245,"column":58}},"126":{"start":{"line":246,"column":4},"end":{"line":246,"column":27}},"127":{"start":{"line":246,"column":20},"end":{"line":246,"column":27}},"128":{"start":{"line":248,"column":4},"end":{"line":248,"column":29}},"129":{"start":{"line":249,"column":4},"end":{"line":265,"column":7}},"130":{"start":{"line":250,"column":21},"end":{"line":250,"column":50}},"131":{"start":{"line":251,"column":8},"end":{"line":251,"column":43}},"132":{"start":{"line":253,"column":26},"end":{"line":253,"column":56}},"133":{"start":{"line":254,"column":8},"end":{"line":254,"column":54}},"134":{"start":{"line":255,"column":8},"end":{"line":255,"column":38}},"135":{"start":{"line":257,"column":29},"end":{"line":257,"column":61}},"136":{"start":{"line":258,"column":8},"end":{"line":258,"column":58}},"137":{"start":{"line":259,"column":8},"end":{"line":259,"column":43}},"138":{"start":{"line":260,"column":8},"end":{"line":260,"column":73}},"139":{"start":{"line":260,"column":53},"end":{"line":260,"column":71}},"140":{"start":{"line":262,"column":8},"end":{"line":262,"column":36}},"141":{"start":{"line":263,"column":8},"end":{"line":263,"column":39}},"142":{"start":{"line":264,"column":8},"end":{"line":264,"column":36}},"143":{"start":{"line":270,"column":15},"end":{"line":270,"column":43}},"144":{"start":{"line":271,"column":4},"end":{"line":271,"column":26}},"145":{"start":{"line":276,"column":4},"end":{"line":276,"column":23}},"146":{"start":{"line":280,"column":0},"end":{"line":285,"column":1}},"147":{"start":{"line":281,"column":4},"end":{"line":283,"column":5}},"148":{"start":{"line":282,"column":8},"end":{"line":282,"column":27}},"149":{"start":{"line":284,"column":4},"end":{"line":284,"column":23}},"150":{"start":{"line":288,"column":0},"end":{"line":290,"column":1}},"151":{"start":{"line":289,"column":4},"end":{"line":289,"column":21}},"152":{"start":{"line":293,"column":0},"end":{"line":300,"column":2}}},"fnMap":{"0":{"name":"initializeAuth","decl":{"start":{"line":17,"column":9},"end":{"line":17,"column":23}},"loc":{"start":{"line":17,"column":26},"end":{"line":33,"column":1}},"line":17},"1":{"name":"loadAuthorizedAdmins","decl":{"start":{"line":36,"column":9},"end":{"line":36,"column":29}},"loc":{"start":{"line":36,"column":32},"end":{"line":51,"column":1}},"line":36},"2":{"name":"setupAuthListeners","decl":{"start":{"line":54,"column":9},"end":{"line":54,"column":27}},"loc":{"start":{"line":54,"column":30},"end":{"line":102,"column":1}},"line":54},"3":{"name":"(anonymous_3)","decl":{"start":{"line":57,"column":28},"end":{"line":57,"column":29}},"loc":{"start":{"line":57,"column":36},"end":{"line":101,"column":5}},"line":57},"4":{"name":"googleSignIn","decl":{"start":{"line":105,"column":9},"end":{"line":105,"column":21}},"loc":{"start":{"line":105,"column":24},"end":{"line":113,"column":1}},"line":105},"5":{"name":"(anonymous_5)","decl":{"start":{"line":107,"column":41},"end":{"line":107,"column":42}},"loc":{"start":{"line":107,"column":50},"end":{"line":112,"column":5}},"line":107},"6":{"name":"signOut","decl":{"start":{"line":116,"column":9},"end":{"line":116,"column":16}},"loc":{"start":{"line":116,"column":19},"end":{"line":134,"column":1}},"line":116},"7":{"name":"(anonymous_7)","decl":{"start":{"line":119,"column":24},"end":{"line":119,"column":25}},"loc":{"start":{"line":119,"column":30},"end":{"line":128,"column":5}},"line":119},"8":{"name":"(anonymous_8)","decl":{"start":{"line":128,"column":13},"end":{"line":128,"column":14}},"loc":{"start":{"line":128,"column":22},"end":{"line":133,"column":5}},"line":128},"9":{"name":"isAuthorizedAdmin","decl":{"start":{"line":137,"column":9},"end":{"line":137,"column":26}},"loc":{"start":{"line":137,"column":34},"end":{"line":139,"column":1}},"line":137},"10":{"name":"addAdmin","decl":{"start":{"line":142,"column":9},"end":{"line":142,"column":17}},"loc":{"start":{"line":142,"column":25},"end":{"line":180,"column":1}},"line":142},"11":{"name":"removeAdmin","decl":{"start":{"line":183,"column":9},"end":{"line":183,"column":20}},"loc":{"start":{"line":183,"column":28},"end":{"line":241,"column":1}},"line":183},"12":{"name":"(anonymous_12)","decl":{"start":{"line":217,"column":12},"end":{"line":217,"column":13}},"loc":{"start":{"line":217,"column":18},"end":{"line":230,"column":13}},"line":217},"13":{"name":"renderAdminList","decl":{"start":{"line":244,"column":9},"end":{"line":244,"column":24}},"loc":{"start":{"line":244,"column":27},"end":{"line":266,"column":1}},"line":244},"14":{"name":"(anonymous_14)","decl":{"start":{"line":249,"column":36},"end":{"line":249,"column":37}},"loc":{"start":{"line":249,"column":45},"end":{"line":265,"column":5}},"line":249},"15":{"name":"(anonymous_15)","decl":{"start":{"line":260,"column":47},"end":{"line":260,"column":48}},"loc":{"start":{"line":260,"column":53},"end":{"line":260,"column":71}},"line":260},"16":{"name":"isValidEmail","decl":{"start":{"line":269,"column":9},"end":{"line":269,"column":21}},"loc":{"start":{"line":269,"column":29},"end":{"line":272,"column":1}},"line":269},"17":{"name":"getCurrentUser","decl":{"start":{"line":275,"column":9},"end":{"line":275,"column":23}},"loc":{"start":{"line":275,"column":26},"end":{"line":277,"column":1}},"line":275}},"branchMap":{"0":{"loc":{"start":{"line":7,"column":0},"end":{"line":14,"column":1}},"type":"if","locations":[{"start":{"line":7,"column":0},"end":{"line":14,"column":1}},{"start":{"line":9,"column":7},"end":{"line":14,"column":1}}],"line":7},"1":{"loc":{"start":{"line":7,"column":4},"end":{"line":7,"column":83}},"type":"binary-expr","locations":[{"start":{"line":7,"column":4},"end":{"line":7,"column":33}},{"start":{"line":7,"column":37},"end":{"line":7,"column":83}}],"line":7},"2":{"loc":{"start":{"line":11,"column":4},"end":{"line":13,"column":5}},"type":"if","locations":[{"start":{"line":11,"column":4},"end":{"line":13,"column":5}},{"start":{},"end":{}}],"line":11},"3":{"loc":{"start":{"line":38,"column":4},"end":{"line":38,"column":44}},"type":"if","locations":[{"start":{"line":38,"column":4},"end":{"line":38,"column":44}},{"start":{},"end":{}}],"line":38},"4":{"loc":{"start":{"line":41,"column":4},"end":{"line":50,"column":5}},"type":"if","locations":[{"start":{"line":41,"column":4},"end":{"line":50,"column":5}},{"start":{},"end":{}}],"line":41},"5":{"loc":{"start":{"line":44,"column":12},"end":{"line":46,"column":13}},"type":"if","locations":[{"start":{"line":44,"column":12},"end":{"line":46,"column":13}},{"start":{},"end":{}}],"line":44},"6":{"loc":{"start":{"line":44,"column":16},"end":{"line":44,"column":70}},"type":"binary-expr","locations":[{"start":{"line":44,"column":16},"end":{"line":44,"column":43}},{"start":{"line":44,"column":47},"end":{"line":44,"column":70}}],"line":44},"7":{"loc":{"start":{"line":55,"column":4},"end":{"line":55,"column":22}},"type":"if","locations":[{"start":{"line":55,"column":4},"end":{"line":55,"column":22}},{"start":{},"end":{}}],"line":55},"8":{"loc":{"start":{"line":58,"column":8},"end":{"line":100,"column":9}},"type":"if","locations":[{"start":{"line":58,"column":8},"end":{"line":100,"column":9}},{"start":{"line":92,"column":15},"end":{"line":100,"column":9}}],"line":58},"9":{"loc":{"start":{"line":64,"column":12},"end":{"line":91,"column":13}},"type":"if","locations":[{"start":{"line":64,"column":12},"end":{"line":91,"column":13}},{"start":{"line":85,"column":19},"end":{"line":91,"column":13}}],"line":64},"10":{"loc":{"start":{"line":69,"column":16},"end":{"line":69,"column":80}},"type":"if","locations":[{"start":{"line":69,"column":16},"end":{"line":69,"column":80}},{"start":{},"end":{}}],"line":69},"11":{"loc":{"start":{"line":70,"column":16},"end":{"line":70,"column":71}},"type":"if","locations":[{"start":{"line":70,"column":16},"end":{"line":70,"column":71}},{"start":{},"end":{}}],"line":70},"12":{"loc":{"start":{"line":77,"column":16},"end":{"line":77,"column":99}},"type":"if","locations":[{"start":{"line":77,"column":16},"end":{"line":77,"column":99}},{"start":{},"end":{}}],"line":77},"13":{"loc":{"start":{"line":77,"column":49},"end":{"line":77,"column":98}},"type":"binary-expr","locations":[{"start":{"line":77,"column":49},"end":{"line":77,"column":62}},{"start":{"line":77,"column":66},"end":{"line":77,"column":98}}],"line":77},"14":{"loc":{"start":{"line":78,"column":16},"end":{"line":78,"column":86}},"type":"if","locations":[{"start":{"line":78,"column":16},"end":{"line":78,"column":86}},{"start":{},"end":{}}],"line":78},"15":{"loc":{"start":{"line":78,"column":53},"end":{"line":78,"column":85}},"type":"binary-expr","locations":[{"start":{"line":78,"column":53},"end":{"line":78,"column":69}},{"start":{"line":78,"column":73},"end":{"line":78,"column":85}}],"line":78},"16":{"loc":{"start":{"line":79,"column":16},"end":{"line":79,"column":66}},"type":"if","locations":[{"start":{"line":79,"column":16},"end":{"line":79,"column":66}},{"start":{},"end":{}}],"line":79},"17":{"loc":{"start":{"line":87,"column":16},"end":{"line":89,"column":17}},"type":"if","locations":[{"start":{"line":87,"column":16},"end":{"line":89,"column":17}},{"start":{},"end":{}}],"line":87},"18":{"loc":{"start":{"line":87,"column":20},"end":{"line":87,"column":80}},"type":"binary-expr","locations":[{"start":{"line":87,"column":20},"end":{"line":87,"column":47}},{"start":{"line":87,"column":51},"end":{"line":87,"column":80}}],"line":87},"19":{"loc":{"start":{"line":88,"column":26},"end":{"line":88,"col
[...]
{"line":118,"column":4},"end":{"line":124,"column":5}},"51":{"start":{"line":120,"column":8},"end":{"line":120,"column":39}},"52":{"start":{"line":123,"column":8},"end":{"line":123,"column":32}},"53":{"start":{"line":128,"column":0},"end":{"line":132,"column":1}},"54":{"start":{"line":129,"column":4},"end":{"line":129,"column":38}},"55":{"start":{"line":130,"column":4},"end":{"line":130,"column":51}},"56":{"start":{"line":131,"column":4},"end":{"line":131,"column":57}},"57":{"start":{"line":135,"column":0},"end":{"line":139,"column":2}}},"fnMap":{"0":{"name":"initializeLocalization","decl":{"start":{"line":8,"column":9},"end":{"line":8,"column":31}},"loc":{"start":{"line":8,"column":34},"end":{"line":11,"column":1}},"line":8},"1":{"name":"setLanguage","decl":{"start":{"line":14,"column":15},"end":{"line":14,"column":26}},"loc":{"start":{"line":14,"column":33},"end":{"line":37,"column":1}},"line":14},"2":{"name":"updateAllTranslations","decl":{"start":{"line":40,"column":9},"end":{"line":40,"column":30}},"loc":{"start":{"line":40,"column":33},"end":{"line":54,"column":1}},"line":40},"3":{"name":"(anonymous_3)","decl":{"start":{"line":44,"column":21},"end":{"line":44,"column":22}},"loc":{"start":{"line":44,"column":32},"end":{"line":53,"column":5}},"line":44},"4":{"name":"getTranslation","decl":{"start":{"line":57,"column":9},"end":{"line":57,"column":23}},"loc":{"start":{"line":57,"column":29},"end":{"line":96,"column":1}},"line":57},"5":{"name":"updateTranslations","decl":{"start":{"line":99,"column":9},"end":{"line":99,"column":27}},"loc":{"start":{"line":99,"column":62},"end":{"line":125,"column":1}},"line":99}},"branchMap":{"0":{"loc":{"start":{"line":16,"column":4},"end":{"line":18,"column":5}},"type":"if","locations":[{"start":{"line":16,"column":4},"end":{"line":18,"column":5}},{"start":{},"end":{}}],"line":16},"1":{"loc":{"start":{"line":16,"column":8},"end":{"line":16,"column":41}},"type":"binary-expr","locations":[{"start":{"line":16,"column":8},"end":{"line":16,"column":13}},{"start":{"line":16,"column":17},"end":{"line":16,"column":41}}],"line":16},"2":{"loc":{"start":{"line":26,"column":8},"end":{"line":28,"column":9}},"type":"if","locations":[{"start":{"line":26,"column":8},"end":{"line":28,"column":9}},{"start":{},"end":{}}],"line":26},"3":{"loc":{"start":{"line":42,"column":4},"end":{"line":42,"column":51}},"type":"if","locations":[{"start":{"line":42,"column":4},"end":{"line":42,"column":51}},{"start":{},"end":{}}],"line":42},"4":{"loc":{"start":{"line":42,"column":8},"end":{"line":42,"column":42}},"type":"binary-expr","locations":[{"start":{"line":42,"column":8},"end":{"line":42,"column":17}},{"start":{"line":42,"column":21},"end":{"line":42,"column":42}}],"line":42},"5":{"loc":{"start":{"line":48,"column":8},"end":{"line":52,"column":9}},"type":"if","locations":[{"start":{"line":48,"column":8},"end":{"line":52,"column":9}},{"start":{"line":50,"column":15},"end":{"line":52,"column":9}}],"line":48},"6":{"loc":{"start":{"line":48,"column":12},"end":{"line":48,"column":83}},"type":"binary-expr","locations":[{"start":{"line":48,"column":12},"end":{"line":48,"column":41}},{"start":{"line":48,"column":45},"end":{"line":48,"column":83}}],"line":48},"7":{"loc":{"start":{"line":58,"column":4},"end":{"line":58,"column":24}},"type":"if","locations":[{"start":{"line":58,"column":4},"end":{"line":58,"column":24}},{"start":{},"end":{}}],"line":58},"8":{"loc":{"start":{"line":61,"column":4},"end":{"line":78,"column":5}},"type":"if","locations":[{"start":{"line":61,"column":4},"end":{"line":78,"column":5}},{"start":{},"end":{}}],"line":61},"9":{"loc":{"start":{"line":61,"column":8},"end":{"line":61,"column":83}},"type":"binary-expr","locations":[{"start":{"line":61,"column":8},"end":{"line":61,"column":37}},{"start":{"line":61,"column":41},"end":{"line":61,"column":83}}],"line":61},"10":{"loc":{"start":{"line":66,"column":8},"end":{"line":66,"column":36}},"type":"if","locations":[{"start":{"line":66,"column":8},"end":{"line":66,"column":36}},{"start":{},"end":{}}],"line":66},"11":{"loc":{"start":{"line":70,"column":12},"end":{"line":74,"column":13}},"type":"if","locations":[{"start":{"line":70,"column":12},"end":{"line":74,"column":13}},{"start":{"line":72,"column":19},"end":{"line":74,"column":13}}],"line":70},"12":{"loc":{"start":{"line":70,"column":16},"end":{"line":70,"column":85}},"type":"binary-expr","locations":[{"start":{"line":70,"column":16},"end":{"line":70,"column":26}},{"start":{"line":70,"column":30},"end":{"line":70,"column":60}},{"start":{"line":70,"column":64},"end":{"line":70,"column":85}}],"line":70},"13":{"loc":{"start":{"line":84,"column":4},"end":{"line":84,"column":28}},"type":"if","locations":[{"start":{"line":84,"column":4},"end":{"line":84,"column":28}},{"start":{},"end":{}}],"line":84},"14":{"loc":{"start":{"line":88,"column":8},"end":{"line":92,"column":9}},"type":"if","locations":[{"start":{"line":88,"column":8},"end":{"line":92,"column":9}},{"start":{"line":90,"column":15},"end":{"line":92,"column":9}}],"line":88},"15":{"loc":{"start":{"line":88,"column":12},"end":{"line":88,"column":63}},"type":"binary-expr","locations":[{"start":{"line":88,"column":12},"end":{"line":88,"column":18}},{"start":{"line":88,"column":22},"end":{"line":88,"column":48}},{"start":{"line":88,"column":52},"end":{"line":88,"column":63}}],"line":88},"16":{"loc":{"start":{"line":99,"column":38},"end":{"line":99,"column":60}},"type":"default-arg","locations":[{"start":{"line":99,"column":56},"end":{"line":99,"column":60}}],"line":99},"17":{"loc":{"start":{"line":100,"column":4},"end":{"line":107,"column":5}},"type":"if","locations":[{"start":{"line":100,"column":4},"end":{"line":107,"column":5}},{"start":{},"end":{}}],"line":100},"18":{"loc":{"start":{"line":104,"column":8},"end":{"line":106,"column":9}},"type":"if","locations":[{"start":{"line":104,"column":8},"end":{"line":106,"column":9}},{"start":{},"end":{}}],"line":104},"19":{"loc":{"start":{"line":112,"column":4},"end":{"line":114,"column":5}},"type":"if","locations":[{"start":{"line":112,"column":4},"end":{"line":114,"column":5}},{"start":{},"end":{}}],"line":112},"20":{"loc":{"start":{"line":118,"column":4},"end":{"line":124,"column":5}},"type":"if","locations":[{"start":{"line":118,"column":4},"end":{"line":124,"column":5}},{"start":{"line":121,"column":11},"end":{"line":124,"column":5}}],"line":118},"21":{"loc":{"start":{"line":118,"column":8},"end":{"line":119,"column":58}},"type":"binary-expr","locations":[{"start":{"line":118,"column":8},"end":{"line":118,"column":37}},{"start":{"line":118,"column":41},"end":{"line":118,"column":69}},{"start":{"line":119,"column":8},"end":{"line":119,"column":58}}],"line":118},"22":{"loc":{"start":{"line":128,"column":0},"end":{"line":132,"column":1}},"type":"if","locations":[{"start":{"line":128,"column":0},"end":{"line":132,"column":1}},{"start":{},"end":{}}],"line":128}},"s":{"0":1,"1":1,"2":0,"3":0,"4":0,"5":0,"6":0,"7":0,"8":0,"9":0,"10":0,"11":0,"12":0,"13":5,"14":5,"15":0,"16":5,"17":15,"18":15,"19":15,"20":0,"21":5,"22":2,"23":3,"24":3,"25":3,"26":3,"27":0,"28":3,"29":3,"30":4,"31":3,"32":1,"33":2,"34":0,"35":0,"36":0,"37":0,"38":0,"39":0,"40":0,"41":0,"42":0,"43":4,"44":1,"45":1,"46":1,"47":4,"48":4,"49":4,"50":4,"51":1,"52":3,"53":1,"54":1,"55":1,"56":1,"57":1},"f":{"0":0,"1":0,"2":5,"3":15,"4":5,"5":4},"b":{"0":[0,0],"1":[0,0],"2":[0,0],"3":[0,5],"4":[5,5],"5":[15,0],"6":[15,15],"7":[2,3],"8":[3,0],"9":[3,3],"10":[0,3],"11":[3,1],"12":[4,4,4],"13":[0,0],"14":[0,0],"15":[0,0,0],"16":[3],"17":[1,3],"18":[1,0],"19":[4,0],"20":[1,3],"21":[4,4,1],"22":[1,0]},"_coverageSchema":"1a1c01bbd47fc00a2c39e90264f33305004495a9","hash":"f872fb315e80b3f505572e0f50795938961904b3"}
,"/Users/matteonassini/reservations_online/js/utils/validation.js": {"path":"/Users/matteonassini/reservations_online/js/utils/validation.js","statementMap":{"0":{"start":{"line":5,"column":4},"end":{"line":7,"column":5}},"1":{"start":{"line":6,"column":8},"end":{"line":6,"column":21}},"2":{"start":{"line":8,"column":15},"end":{"line":8,"column":43}},"3":{"start":{"line":9,"column":4},"end":{"line":9,"column":33}},"4":{"start":{"line":15,"column":21},"end":{"line":15,"column":55}},"5":{"start":{"line":19,"column":15},"end":{"line":19,"column":30}},"6":{"start":{"line":20,"column":4},"end":{"line":20,"column":29}},"7":{"start":{"line":25,"column":4},"end":{"line":25,"column":76}},"8":{"start":{"line":30,"column":16},"end":{"line":30,"column":32}},"9":{"start":{"line":31,"column":4},"end":{"line":31,"column":35}},"10":{"start":{"line":36,"column":25},"end":{"line":36,"column":45}},"11":{"start":{"line":37,"column":18},"end":{"line":37,"column":28}},"12":{"start":{"line":38,"column":4},"end":{"line":38,"column":31}},"13":{"start":{"line":41,"column":4},"end":{"line":43,"column":5}},"14":{"start":{"line":42,"column":8},"end":{"line":42,"column":55}},"15":{"start":{"line":46,"column":4},"end":{"line":48,"column":5}},"16":{"start":{"line":47,"column":8},"end":{"line":47,"column":52}},"17":{"start":{"line":51,"column":4},"end":{"line":53,"column":5}},"18":{"start":{"line":52,"column":8},"end":{"line":52,"column":50}},"19":{"start":{"line":55,"column":4},"end":{"line":55,"column":27}},"20":{"start":{"line":60,"column":19},"end":{"line":60,"column":21}},"21":{"start":{"line":63,"column":4},"end":{"line":65,"column":5}},"22":{"start":{"line":64,"column":8},"end":{"line":64,"column":38}},"23":{"start":{"line":68,"column":4},"end":{"line":72,"column":5}},"24":{"start":{"line":69,"column":8},"end":{"line":69,"column":39}},"25":{"start":{"line":70,"column":11},"end":{"line":72,"column":5}},"26":{"start":{"line":71,"column":8},"end":{"line":71,"column":38}},"27":{"start":{"line":75,"column":4},"end":{"line":79,"column":5}},"28":{"start":{"line":76,"column":8},"end":{"line":76,"column":39}},"29":{"start":{"line":77,"column":11},"end":{"line":79,"column":5}},"30":{"start":{"line":78,"column":8},"end":{"line":78,"column":38}},"31":{"start":{"line":82,"column":4},"end":{"line":84,"column":5}},"32":{"start":{"line":83,"column":8},"end":{"line":83,"column":58}},"33":{"start":{"line":87,"column":27},"end":{"line":87,"column":54}},"34":{"start":{"line":88,"column":4},"end":{"line":90,"column":5}},"35":{"start":{"line":89,"column":8},"end":{"line":89,"column":44}},"36":{"start":{"line":93,"column":4},"end":{"line":95,"column":5}},"37":{"start":{"line":94,"column":8},"end":{"line":94,"column":43}},"38":{"start":{"line":98,"column":4},"end":{"line":100,"column":5}},"39":{"start":{"line":99,"column":8},"end":{"line":99,"column":42}},"40":{"start":{"line":103,"column":4},"end":{"line":106,"column":6}},"41":{"start":{"line":112,"column":4},"end":{"line":112,"column":78}},"42":{"start":{"line":112,"column":65},"end":{"line":112,"column":76}},"43":{"start":{"line":115,"column":4},"end":{"line":117,"column":5}},"44":{"start":{"line":116,"column":8},"end":{"line":116,"column":15}},"45":{"start":{"line":120,"column":4},"end":{"line":141,"column":5}},"46":{"start":{"line":121,"column":29},"end":{"line":121,"column":59}},"47":{"start":{"line":122,"column":8},"end":{"line":122,"column":36}},"48":{"start":{"line":122,"column":27},"end":{"line":122,"column":36}},"49":{"start":{"line":125,"column":29},"end":{"line":125,"column":58}},"50":{"start":{"line":126,"column":8},"end":{"line":126,"column":52}},"51":{"start":{"line":127,"column":8},"end":{"line":127,"column":93}},"52":{"start":{"line":130,"column":8},"end":{"line":130,"column":50}},"53":{"start":{"line":133,"column":8},"end":{"line":133,"column":85}},"54":{"start":{"line":136,"column":8},"end":{"line":140,"column":27}},"55":{"start":{"line":137,"column":12},"end":{"line":137,"column":49}},"56":{"start":{"line":138,"column":28},"end":{"line":138,"column":78}},"57":{"start":{"line":139,"column":12},"end":{"line":139,"column":42}},"58":{"start":{"line":139,"column":25},"end":{"line":139,"column":42}},"59":{"start":{"line":144,"column":28},"end":{"line":144,"column":92}},"60":{"start":{"line":145,"column":4},"end":{"line":147,"column":5}},"61":{"start":{"line":146,"column":8},"end":{"line":146,"column":32}},"62":{"start":{"line":151,"column":0},"end":{"line":159,"column":1}},"63":{"start":{"line":152,"column":4},"end":{"line":152,"column":61}},"64":{"start":{"line":153,"column":4},"end":{"line":153,"column":61}},"65":{"start":{"line":154,"column":4},"end":{"line":154,"column":41}},"66":{"start":{"line":155,"column":4},"end":{"line":155,"column":41}},"67":{"start":{"line":156,"column":4},"end":{"line":156,"column":47}},"68":{"start":{"line":157,"column":4},"end":{"line":157,"column":61}},"69":{"start":{"line":158,"column":4},"end":{"line":158,"column":39}},"70":{"start":{"line":162,"column":0},"end":{"line":170,"column":2}}},"fnMap":{"0":{"name":"validateEmail","decl":{"start":{"line":4,"column":9},"end":{"line":4,"column":22}},"loc":{"start":{"line":4,"column":30},"end":{"line":10,"column":1}},"line":4},"1":{"name":"validatePhone","decl":{"start":{"line":13,"column":9},"end":{"line":13,"column":22}},"loc":{"start":{"line":13,"column":30},"end":{"line":21,"column":1}},"line":13},"2":{"name":"validateRequired","decl":{"start":{"line":24,"column":9},"end":{"line":24,"column":25}},"loc":{"start":{"line":24,"column":33},"end":{"line":26,"column":1}},"line":24},"3":{"name":"validateNumberOfPersons","decl":{"start":{"line":29,"column":9},"end":{"line":29,"column":32}},"loc":{"start":{"line":29,"column":41},"end":{"line":32,"column":1}},"line":29},"4":{"name":"validateDate","decl":{"start":{"line":35,"column":9},"end":{"line":35,"column":21}},"loc":{"start":{"line":35,"column":34},"end":{"line":56,"column":1}},"line":35},"5":{"name":"validateReservationForm","decl":{"start":{"line":59,"column":9},"end":{"line":59,"column":32}},"loc":{"start":{"line":59,"column":43},"end":{"line":107,"column":1}},"line":59},"6":{"name":"displayValidationErrors","decl":{"start":{"line":110,"column":9},"end":{"line":110,"column":32}},"loc":{"start":{"line":110,"column":51},"end":{"line":148,"column":1}},"line":110},"7":{"name":"(anonymous_7)","decl":{"start":{"line":112,"column":59},"end":{"line":112,"column":60}},"loc":{"start":{"line":112,"column":65},"end":{"line":112,"column":76}},"line":112},"8":{"name":"(anonymous_8)","decl":{"start":{"line":136,"column":47},"end":{"line":136,"column":48}},"loc":{"start":{"line":136,"column":58},"end":{"line":140,"column":9}},"line":136}},"branchMap":{"0":{"loc":{"start":{"line":5,"column":4},"end":{"line":7,"column":5}},"type":"if","locations":[{"start":{"line":5,"column":4},"end":{"line":7,"column":5}},{"start":{},"end":{}}],"line":5},"1":{"loc":{"start":{"line":5,"column":8},"end":{"line":5,"column":45}},"type":"binary-expr","locations":[{"start":{"line":5,"column":8},"end":{"line":5,"column":22}},{"start":{"line":5,"column":26},"end":{"line":5,"column":45}}],"line":5},"2":{"loc":{"start":{"line":25,"column":11},"end":{"line":25,"column":75}},"type":"binary-expr","locations":[{"start":{"line":25,"column":11},"end":{"line":25,"column":25}},{"start":{"line":25,"column":29},"end":{"line":25,"column":48}},{"start":{"line":25,"column":52},"end":{"line":25,"column":75}}],"line":25},"3":{"loc":{"start":{"line":31,"column":11},"end":{"line":31,"column":34}},"type":"binary-expr","locations":[{"start":{"line":31,"column":11},"end":{"line":31,"column":22}},{"start":{"line":31,"column":26},"end":{"line":31,"column":34}}],"line":31},"4":{"loc":{"start":{"line":41,"column":4},"end":{"line":43,"column":5}},"type":"if","locations":[{"start":{"line":41,"column":4},"end":{"line":43,"column":5}},{"start":{},"end":{}}],"line":41},"5":{"loc":{"start":{"line":41,"column":10},"end":{"line":41,"column":62}},"type":"binary-expr","locations":[{"start":{"line":41,"column":10},"end":{"line":41,"column":38}},{"start":{"line":41,"column":42},"end":{"line":41,"column":62}}],"line":41},"6":{"loc":{"start":{"line":46,"column":4},"end":{"line":48,"column":5}},"type":"if","locations":[{"start":{"line":46,"column":4},"end":{"line":48,"column":5}},{"start":{},"end":{}}],"line":46},"7":{"loc":{"start":{"line":51,"column":4},"end":{"line":53,"column":5}},"type":"if","locations":[{"start":{"line":51,"column":4},"end":{"line":53,"column":5}},{"start":{},"end":{}}],"line":51},"8":{"loc":{"start":{"line":63,"column":4},"end":{"line":65,"column":5}},"type":"if","locations":[{"start":{"line":63,"column":4},"end":{"line":65,"column":5}},{"start":{},"end":{}}],"line":63},"9":{"loc":{"start":{"line":68,"column":4},"end":{"line":72,"column":5}},"type":"if","locations":[{"start":{"line":68,"column":4},"end":{"line":72,"column":5}},{"start":{"line":70,"column":11},"end":{"line":72,"column":5}}],"line":68},"10":{"loc":{"start":{"line":70,"column":11},"end":{"line":72,"column":5}},"type":"if","locations":[{"start":{"line":70,"column":11},"end":{"line":72,"column":5}},{"start":{},"end":{}}],"line":70},"11":{"loc":{"start":{"line":75,"column":4},"end":{"line":79,"column":5}},"type":"if","locations":[{"start":{"line":75,"column":4},"end":{"line":79,"column":5}},{"start":{"line":77,"column":11},"end":{"line":79,"column":5}}],"line":75},"12":{"loc":{"start":{"line":77,"column":11},"end":{"line":79,"column":5}},"type":"if","locations":[{"start":{"line":77,"column":11},"end":{"line":79,"column":5}},{"start":{},"end":{}}],"line":77},"13":{"loc":{"start":{"line":82,"column":4},"end":{"line":84,"column":5}},"type":"if","locations":[{"start":{"line":82,"column":4},"end":{"line":84,"column":5}},{"start":{},"end":{}}],"line":82},"14":{"loc":{"start":{"line":88,"column":4},"end":{"line":90,"column":5}},"type":"if","locations":[{"start":{"line":88,"column":4},"end":{"line":90,"column":5}},{"start":{},"end":{}}],"line":88},"15":{"loc":{"start":{"line":93,"column":4},"end":{"line":95,"column":5}},"type":"if","locations":[{"start":{"line":93,"column":4},"end":{"line":95,"column":5}},{"start":{},"end":{}}],"line":93},"16":{"loc":{"start":{"line":98,"column":4},"end":{"line":100,"column":5}},"type":"if","locations":[{"start":{"line":98,"column":4},"end":{"line":100,"column":5}},{"start":{},"end":{}}],"line":98},"17":{"loc":{"start":{"line":115,"column":4},"end":{"line":117,"column":5}},"type":"if","locations":[{"start":{"line":115,"column":4},"end":{"line":117,"column":5}},{"start":{},"end":{}}],"line":115},"18":{"loc":{"start":{"line":122,"column":8},"end":{"line":122,"column":36}},"type":"if","locations":[{"start":{"line":122,"column":8},"end":{"line":122,"column":36}},{"start":{},"end":{}}],"line":122},"19":{"loc":{"start":{"line":139,"column":12},"end":{"line":139,"column":42}},"type":"if","locations":[{"start":{"line":139,"column":12},"end":{"line":139,"column":42}},{"start":{},"end":{}}],"line":139},"20":{"loc":{"start":{"line":145,"column":4},"end":{"line":147,"column":5}},"type":"if","locations":[{"start":{"line":145,"column":4},"end":{"line":147,"column":5}},{"start":{},"end":{}}],"line":145},"21":{"loc":{"start":{"line":151,"column":0},"end":{"line":159,"column":1}},"type":"if","locations":[{"start":{"line":151,"column":0},"end":{"line":159,"column":1}},{"start":{},"end":{}}],"line":151}},"s":{"0":8,"1":1,"2":7,"3":7,"4":8,"5":8,"6":8,"7":6,"8":8,"9":8,"10":0,"11":0,"12":0,"13":0,"14":0,"15":0,"16":0,"17":0,"18":0,"19":0,"20":0,"21":0,"22":0,"23":0,"24":0,"25":0,"26":0,"27":0,"28":0,"29":0,"30":0,"31":0,"32":0,"33":0,"34":0,"35":0,"36":0,"37":0,"38":0,"39":0,"40":0,"41":4,"42":4,"43":4,"44":1,"45":3,"46":4,"47":4,"48":1,"49":3,"50":3,"51":3,"52":3,"53":3,"54":3,"55":1,"56":1,"57":1,"58":1,"59":3,"60":3,"61":2,"62":2,"63":2,"64":2,"65":2,"66":2,"67":2,"68":2,"69":2,"70":2},"f":{"0":8,"1":8,"2":6,"3":8,"4":0,"5":0,"6":4,"7":4,"8":1},"b":{"0":[1,7],"1":[8,7],"2":[6,5,4],"3":[8,7],"4":[0,0],"5":[0,0],"6":[0,0],"7":[0,0],"8":[0,0],"9":[0,0],"10":[0,0],"11":[0,0],"12":[0,0],"13":[0,0],"14":[0,0],"15":[0,0],"16":[0,0],"17":[1,3],"18":[1,3],"19":[1,0],"20":[2,1],"21":[2,0]},"_coverageSchema":"1a1c01bbd47fc00a2c39e90264f33305004495a9","hash":"93a6fbc00ea4616895fc6353588de00112186c43"}
}
