TN:
SF:js/app.js
FN:11,verifyFirebaseConfiguration
FN:37,setupAlerts
FN:38,(anonymous_2)
FN:39,(anonymous_3)
FN:45,initializeDateTimeConstraints
FN:55,onDOMContentLoaded
FNF:6
FNH:6
FNDA:5,verifyFirebaseConfiguration
FNDA:3,setupAlerts
FNDA:2,(anonymous_2)
FNDA:1,(anonymous_3)
FNDA:3,initializeDateTimeConstraints
FNDA:1,onDOMContentLoaded
DA:12,5
DA:13,5
DA:14,3
DA:16,3
DA:17,1
DA:19,2
DA:22,2
DA:23,2
DA:24,2
DA:25,1
DA:32,1
DA:38,3
DA:39,2
DA:40,1
DA:46,3
DA:47,3
DA:48,3
DA:49,2
DA:50,2
DA:56,1
DA:57,1
DA:58,1
DA:59,1
DA:60,1
DA:61,1
DA:62,1
DA:63,1
DA:64,1
DA:66,1
DA:68,0
DA:69,0
DA:70,0
DA:71,0
DA:78,0
DA:83,3
LF:35
LH:30
BRDA:16,0,0,1
BRDA:16,0,1,2
BRDA:24,1,0,1
BRDA:24,1,1,1
BRDA:48,2,0,2
BRDA:48,2,1,1
BRDA:70,3,0,0
BRDA:70,3,1,0
BRF:8
BRH:6
end_of_record
TN:
SF:js/components/admin-panel.js
FN:7,initializeAdminPanel
FN:16,loadAdminPanelHTML
FN:102,setupAdminPanelToggle
FN:104,(anonymous_3)
FN:109,(anonymous_4)
FN:117,setupLogFunctionality
FN:122,(anonymous_6)
FN:125,(anonymous_7)
FN:137,(anonymous_8)
FN:155,loadLogs
FN:160,(anonymous_10)
FN:168,setupEnvironmentToggle
FN:179,(anonymous_12)
FN:188,updateEnvironmentUI
FN:198,setupAdminUserManagement
FN:200,(anonymous_15)
FN:205,(anonymous_16)
FN:210,(anonymous_17)
FNF:18
FNH:0
FNDA:0,initializeAdminPanel
FNDA:0,loadAdminPanelHTML
FNDA:0,setupAdminPanelToggle
FNDA:0,(anonymous_3)
FNDA:0,(anonymous_4)
FNDA:0,setupLogFunctionality
FNDA:0,(anonymous_6)
FNDA:0,(anonymous_7)
FNDA:0,(anonymous_8)
FNDA:0,loadLogs
FNDA:0,(anonymous_10)
FNDA:0,setupEnvironmentToggle
FNDA:0,(anonymous_12)
FNDA:0,updateEnvironmentUI
FNDA:0,setupAdminUserManagement
FNDA:0,(anonymous_15)
FNDA:0,(anonymous_16)
FNDA:0,(anonymous_17)
DA:2,1
DA:3,1
DA:4,1
DA:9,0
DA:12,0
DA:17,0
DA:19,0
DA:92,0
DA:95,0
DA:98,0
DA:104,0
DA:105,0
DA:109,0
DA:110,0
DA:111,0
DA:118,0
DA:119,0
DA:122,0
DA:123,0
DA:126,0
DA:127,0
DA:128,0
DA:134,0
DA:137,0
DA:138,0
DA:139,0
DA:140,0
DA:141,0
DA:144,0
DA:145,0
DA:148,0
DA:150,0
DA:156,0
DA:157,0
DA:159,0
DA:160,0
DA:161,0
DA:162,0
DA:163,0
DA:169,0
DA:170,0
DA:171,0
DA:174,0
DA:175,0
DA:176,0
DA:179,0
DA:180,0
DA:181,0
DA:182,0
DA:183,0
DA:189,0
DA:190,0
DA:192,0
DA:193,0
DA:194,0
DA:200,0
DA:201,0
DA:205,0
DA:206,0
DA:210,0
DA:211,0
DA:212,0
DA:216,0
DA:219,1
LF:64
LH:4
BRDA:110,0,0,0
BRDA:110,0,1,0
BRDA:144,1,0,0
BRDA:144,1,1,0
BRDA:148,2,0,0
BRDA:148,2,1,0
BRDA:156,3,0,0
BRDA:156,3,1,0
BRDA:183,4,0,0
BRDA:183,4,1,0
BRDA:192,5,0,0
BRDA:192,5,1,0
BRDA:193,6,0,0
BRDA:193,6,1,0
BRDA:194,7,0,0
BRDA:194,7,1,0
BRF:16
BRH:0
end_of_record
TN:
SF:js/components/availability.js
FN:2,checkAvailability
FN:22,(anonymous_1)
FN:39,(anonymous_2)
FN:69,(anonymous_3)
FN:74,(anonymous_4)
FN:91,displayAvailabilityStatus
FNF:6
FNH:4
FNDA:6,checkAvailability
FNDA:0,(anonymous_1)
FNDA:5,(anonymous_2)
FNDA:0,(anonymous_3)
FNDA:1,(anonymous_4)
FNDA:10,displayAvailabilityStatus
DA:4,6
DA:7,6
DA:8,6
DA:9,6
DA:12,6
DA:13,6
DA:22,6
DA:23,0
DA:27,6
DA:28,6
DA:31,6
DA:32,6
DA:41,5
DA:50,5
DA:53,5
DA:54,5
DA:58,5
DA:61,5
DA:62,5
DA:67,5
DA:68,4
DA:69,4
DA:70,0
DA:75,1
DA:76,1
DA:77,1
DA:78,1
DA:81,1
DA:82,1
DA:86,1
DA:92,10
DA:95,10
DA:96,10
DA:97,10
DA:100,10
DA:101,10
DA:103,10
DA:104,6
DA:115,4
DA:116,4
DA:119,4
DA:120,4
DA:122,4
DA:123,4
DA:125,4
DA:126,4
DA:128,4
DA:139,4
DA:156,1
LF:49
LH:47
BRDA:53,0,0,5
BRDA:53,0,1,0
BRDA:53,1,0,5
BRDA:53,1,1,5
BRDA:54,2,0,4
BRDA:54,2,1,1
BRDA:58,3,0,5
BRDA:58,3,1,1
BRDA:58,4,0,5
BRDA:58,4,1,0
BRDA:58,5,0,5
BRDA:58,5,1,0
BRDA:62,6,0,4
BRDA:62,6,1,1
BRDA:67,7,0,4
BRDA:67,7,1,1
BRDA:81,8,0,1
BRDA:81,8,1,0
BRDA:95,9,0,10
BRDA:95,9,1,5
BRDA:96,10,0,10
BRDA:96,10,1,1
BRDA:97,11,0,10
BRDA:97,11,1,1
BRDA:101,12,0,6
BRDA:101,12,1,4
BRDA:103,13,0,6
BRDA:103,13,1,4
BRDA:119,14,0,1
BRDA:119,14,1,3
BRDA:120,15,0,1
BRDA:120,15,1,3
BRDA:122,16,0,3
BRDA:122,16,1,1
BRDA:123,17,0,3
BRDA:123,17,1,1
BRF:36
BRH:32
end_of_record
TN:
SF:js/components/form.js
FN:2,initializeFormHandlers
FN:19,(anonymous_1)
FN:26,(anonymous_2)
FN:39,(anonymous_3)
FN:41,(anonymous_4)
FN:54,updateTimeSlots
FN:95,updateEndTimeDisplay
FN:117,checkAvailabilityIfFormValid
FN:138,calculateEndTime
FN:157,handleFormSubmit
FN:236,(anonymous_10)
FN:281,(anonymous_11)
FN:304,(anonymous_12)
FN:315,(anonymous_13)
FN:331,resetSubmitButton
FN:340,showSuccess
FN:356,(anonymous_16)
FN:368,showError
FN:384,(anonymous_18)
FN:391,checkAvailability
FNF:20
FNH:3
FNDA:0,initializeFormHandlers
FNDA:0,(anonymous_1)
FNDA:0,(anonymous_2)
FNDA:0,(anonymous_3)
FNDA:0,(anonymous_4)
FNDA:0,updateTimeSlots
FNDA:0,updateEndTimeDisplay
FNDA:0,checkAvailabilityIfFormValid
FNDA:6,calculateEndTime
FNDA:4,handleFormSubmit
FNDA:0,(anonymous_10)
FNDA:0,(anonymous_11)
FNDA:0,(anonymous_12)
FNDA:0,(anonymous_13)
FNDA:0,resetSubmitButton
FNDA:0,showSuccess
FNDA:0,(anonymous_16)
FNDA:2,showError
FNDA:0,(anonymous_18)
FNDA:0,checkAvailability
DA:4,0
DA:5,0
DA:6,0
DA:7,0
DA:8,0
DA:11,0
DA:14,0
DA:15,0
DA:18,0
DA:19,0
DA:20,0
DA:21,0
DA:25,0
DA:26,0
DA:27,0
DA:28,0
DA:30,0
DA:31,0
DA:33,0
DA:39,0
DA:40,0
DA:41,0
DA:42,0
DA:48,0
DA:49,0
DA:55,0
DA:56,0
DA:58,0
DA:60,0
DA:63,0
DA:67,0
DA:68,0
DA:69,0
DA:71,0
DA:72,0
DA:76,0
DA:77,0
DA:78,0
DA:79,0
DA:81,0
DA:82,0
DA:83,0
DA:84,0
DA:88,0
DA:91,0
DA:96,0
DA:98,0
DA:99,0
DA:100,0
DA:103,0
DA:104,0
DA:105,0
DA:107,0
DA:108,0
DA:109,0
DA:112,0
DA:113,0
DA:118,0
DA:119,0
DA:120,0
DA:121,0
DA:123,0
DA:125,0
DA:126,0
DA:127,0
DA:128,0
DA:130,0
DA:131,0
DA:132,0
DA:139,6
DA:140,6
DA:141,6
DA:143,6
DA:144,1
DA:145,1
DA:149,6
DA:150,1
DA:153,6
DA:158,4
DA:159,4
DA:163,4
DA:166,4
DA:167,4
DA:169,4
DA:170,4
DA:173,4
DA:186,4
DA:187,4
DA:190,4
DA:191,1
DA:192,1
DA:194,1
DA:199,3
DA:202,3
DA:203,3
DA:204,3
DA:208,3
DA:211,3
DA:214,3
DA:217,3
DA:220,3
DA:221,3
DA:223,3
DA:227,0
DA:228,0
DA:229,0
DA:237,0
DA:239,0
DA:241,0
DA:244,0
DA:245,0
DA:249,0
DA:274,0
DA:275,0
DA:278,0
DA:279,0
DA:283,0
DA:286,0
DA:289,0
DA:290,0
DA:292,0
DA:293,0
DA:295,0
DA:298,0
DA:301,0
DA:302,0
DA:305,0
DA:308,0
DA:311,0
DA:316,0
DA:319,0
DA:322,0
DA:326,0
DA:332,0
DA:333,0
DA:334,0
DA:335,0
DA:341,0
DA:342,0
DA:344,0
DA:351,0
DA:354,0
DA:355,0
DA:356,0
DA:357,0
DA:362,0
DA:363,0
DA:369,2
DA:370,2
DA:372,2
DA:379,2
DA:382,2
DA:383,2
DA:384,2
DA:385,0
DA:393,0
DA:396,1
LF:157
LH:42
BRDA:14,0,0,0
BRDA:14,0,1,0
BRDA:18,1,0,0
BRDA:18,1,1,0
BRDA:25,2,0,0
BRDA:25,2,1,0
BRDA:28,3,0,0
BRDA:28,3,1,0
BRDA:40,4,0,0
BRDA:40,4,1,0
BRDA:48,5,0,0
BRDA:48,5,1,0
BRDA:58,6,0,0
BRDA:58,6,1,0
BRDA:58,7,0,0
BRDA:58,7,1,0
BRDA:67,8,0,0
BRDA:67,8,1,0
BRDA:98,9,0,0
BRDA:98,9,1,0
BRDA:98,10,0,0
BRDA:98,10,1,0
BRDA:99,11,0,0
BRDA:99,11,1,0
BRDA:107,12,0,0
BRDA:107,12,1,0
BRDA:123,13,0,0
BRDA:123,13,1,0
BRDA:123,14,0,0
BRDA:123,14,1,0
BRDA:123,14,2,0
BRDA:123,14,3,0
BRDA:130,15,0,0
BRDA:130,15,1,0
BRDA:130,16,0,0
BRDA:130,16,1,0
BRDA:130,16,2,0
BRDA:130,16,3,0
BRDA:131,17,0,0
BRDA:131,17,1,0
BRDA:141,18,0,1
BRDA:141,18,1,5
BRDA:143,19,0,1
BRDA:143,19,1,5
BRDA:149,20,0,1
BRDA:149,20,1,5
BRDA:158,21,0,4
BRDA:158,21,1,0
BRDA:158,22,0,4
BRDA:158,22,1,4
BRDA:163,23,0,4
BRDA:163,23,1,0
BRDA:169,24,0,4
BRDA:169,24,1,0
BRDA:170,25,0,4
BRDA:170,25,1,0
BRDA:174,26,0,4
BRDA:174,26,1,0
BRDA:175,27,0,4
BRDA:175,27,1,0
BRDA:176,28,0,4
BRDA:176,28,1,0
BRDA:177,29,0,4
BRDA:177,29,1,0
BRDA:178,30,0,4
BRDA:178,30,1,0
BRDA:179,31,0,4
BRDA:179,31,1,0
BRDA:180,32,0,4
BRDA:180,32,1,0
BRDA:181,33,0,4
BRDA:181,33,1,0
BRDA:182,34,0,4
BRDA:182,34,1,0
BRDA:186,35,0,4
BRDA:186,35,1,0
BRDA:190,36,0,1
BRDA:190,36,1,3
BRDA:191,37,0,1
BRDA:191,37,1,0
BRDA:202,38,0,3
BRDA:202,38,1,0
BRDA:204,39,0,0
BRDA:204,39,1,3
BRDA:214,40,0,0
BRDA:214,40,1,3
BRDA:220,41,0,3
BRDA:220,41,1,0
BRDA:227,42,0,0
BRDA:227,42,1,0
BRDA:227,43,0,0
BRDA:227,43,1,0
BRDA:235,44,0,0
BRDA:235,44,1,0
BRDA:239,45,0,0
BRDA:239,45,1,0
BRDA:241,46,0,0
BRDA:241,46,1,0
BRDA:274,47,0,0
BRDA:274,47,1,0
BRDA:278,48,0,0
BRDA:278,48,1,0
BRDA:278,49,0,0
BRDA:278,49,1,0
BRDA:279,50,0,0
BRDA:279,50,1,0
BRDA:286,51,0,0
BRDA:286,51,1,0
BRDA:290,52,0,0
BRDA:290,52,1,0
BRDA:293,53,0,0
BRDA:293,53,1,0
BRDA:302,54,0,0
BRDA:302,54,1,0
BRDA:308,55,0,0
BRDA:308,55,1,0
BRDA:319,56,0,0
BRDA:319,56,1,0
BRDA:333,57,0,0
BRDA:333,57,1,0
BRDA:335,58,0,0
BRDA:335,58,1,0
BRDA:342,59,0,0
BRDA:342,59,1,0
BRDA:355,60,0,0
BRDA:355,60,1,0
BRDA:362,61,0,0
BRDA:362,61,1,0
BRDA:370,62,0,0
BRDA:370,62,1,2
BRDA:383,63,0,2
BRDA:383,63,1,0
BRF:132
BRH:31
end_of_record
TN:
SF:js/components/modal.js
FN:5,initializeModal
FN:13,(anonymous_1)
FN:18,(anonymous_2)
FN:23,(anonymous_3)
FN:32,(anonymous_4)
FN:40,showConfirmationModal
FNF:6
FNH:6
FNDA:8,initializeModal
FNDA:1,(anonymous_1)
FNDA:1,(anonymous_2)
FNDA:1,(anonymous_3)
FNDA:2,(anonymous_4)
FNDA:6,showConfirmationModal
DA:2,1
DA:7,8
DA:8,8
DA:9,8
DA:10,8
DA:13,8
DA:14,1
DA:18,8
DA:19,1
DA:23,8
DA:24,1
DA:25,1
DA:27,1
DA:28,1
DA:32,8
DA:33,2
DA:34,1
DA:41,6
DA:42,6
DA:44,6
DA:45,6
DA:46,6
DA:50,1
DA:51,1
DA:54,1
LF:25
LH:25
BRDA:24,0,0,1
BRDA:24,0,1,0
BRDA:33,1,0,1
BRDA:33,1,1,1
BRF:4
BRH:3
end_of_record
TN:
SF:js/services/auth.js
FN:17,initializeAuth
FN:36,loadAuthorizedAdmins
FN:54,setupAuthListeners
FN:57,(anonymous_3)
FN:105,googleSignIn
FN:107,(anonymous_5)
FN:116,signOut
FN:119,(anonymous_7)
FN:128,(anonymous_8)
FN:137,isAuthorizedAdmin
FN:142,addAdmin
FN:183,removeAdmin
FN:217,(anonymous_12)
FN:244,renderAdminList
FN:249,(anonymous_14)
FN:260,(anonymous_15)
FN:269,isValidEmail
FN:275,getCurrentUser
FNF:18
FNH:4
FNDA:0,initializeAuth
FNDA:0,loadAuthorizedAdmins
FNDA:0,setupAuthListeners
FNDA:0,(anonymous_3)
FNDA:0,googleSignIn
FNDA:0,(anonymous_5)
FNDA:0,signOut
FNDA:0,(anonymous_7)
FNDA:0,(anonymous_8)
FNDA:3,isAuthorizedAdmin
FNDA:5,addAdmin
FNDA:2,removeAdmin
FNDA:0,(anonymous_12)
FNDA:0,renderAdminList
FNDA:0,(anonymous_14)
FNDA:0,(anonymous_15)
FNDA:4,isValidEmail
FNDA:0,getCurrentUser
DA:3,1
DA:7,1
DA:11,1
DA:12,1
DA:19,0
DA:22,0
DA:25,0
DA:28,0
DA:29,0
DA:30,0
DA:31,0
DA:32,0
DA:38,0
DA:40,0
DA:41,0
DA:42,0
DA:43,0
DA:44,0
DA:45,0
DA:48,0
DA:55,0
DA:57,0
DA:58,0
DA:60,0
DA:61,0
DA:64,0
DA:66,0
DA:67,0
DA:69,0
DA:70,0
DA:73,0
DA:74,0
DA:75,0
DA:77,0
DA:78,0
DA:79,0
DA:81,0
DA:84,0
DA:87,0
DA:88,0
DA:90,0
DA:94,0
DA:95,0
DA:96,0
DA:98,0
DA:99,0
DA:106,0
DA:107,0
DA:108,0
DA:109,0
DA:110,0
DA:117,0
DA:119,0
DA:120,0
DA:121,0
DA:123,0
DA:124,0
DA:126,0
DA:127,0
DA:129,0
DA:130,0
DA:131,0
DA:138,3
DA:143,5
DA:144,1
DA:145,0
DA:147,1
DA:150,4
DA:151,1
DA:152,0
DA:154,1
DA:157,3
DA:158,1
DA:159,0
DA:161,1
DA:165,2
DA:168,2
DA:169,2
DA:173,2
DA:174,0
DA:175,0
DA:176,0
DA:179,2
DA:185,2
DA:186,2
DA:187,2
DA:188,1
DA:191,1
DA:192,1
DA:195,1
DA:198,1
DA:199,0
DA:202,2
DA:206,0
DA:207,0
DA:208,0
DA:210,0
DA:214,0
DA:215,0
DA:218,0
DA:219,0
DA:220,0
DA:221,0
DA:222,0
DA:223,0
DA:226,0
DA:227,0
DA:234,0
DA:235,0
DA:236,0
DA:237,0
DA:238,0
DA:245,0
DA:246,0
DA:248,0
DA:249,0
DA:250,0
DA:251,0
DA:253,0
DA:254,0
DA:255,0
DA:257,0
DA:258,0
DA:259,0
DA:260,0
DA:262,0
DA:263,0
DA:264,0
DA:270,4
DA:271,4
DA:276,0
DA:280,1
DA:281,1
DA:282,0
DA:284,1
DA:288,1
DA:289,0
DA:293,1
LF:138
LH:35
BRDA:7,0,0,0
BRDA:7,0,1,1
BRDA:7,1,0,1
BRDA:7,1,1,1
BRDA:11,2,0,1
BRDA:11,2,1,0
BRDA:38,3,0,0
BRDA:38,3,1,0
BRDA:41,4,0,0
BRDA:41,4,1,0
BRDA:44,5,0,0
BRDA:44,5,1,0
BRDA:44,6,0,0
BRDA:44,6,1,0
BRDA:55,7,0,0
BRDA:55,7,1,0
BRDA:58,8,0,0
BRDA:58,8,1,0
BRDA:64,9,0,0
BRDA:64,9,1,0
BRDA:69,10,0,0
BRDA:69,10,1,0
BRDA:70,11,0,0
BRDA:70,11,1,0
BRDA:77,12,0,0
BRDA:77,12,1,0
BRDA:77,13,0,0
BRDA:77,13,1,0
BRDA:78,14,0,0
BRDA:78,14,1,0
BRDA:78,15,0,0
BRDA:78,15,1,0
BRDA:79,16,0,0
BRDA:79,16,1,0
BRDA:87,17,0,0
BRDA:87,17,1,0
BRDA:87,18,0,0
BRDA:87,18,1,0
BRDA:88,19,0,0
BRDA:88,19,1,0
BRDA:98,20,0,0
BRDA:98,20,1,0
BRDA:99,21,0,0
BRDA:99,21,1,0
BRDA:109,22,0,0
BRDA:109,22,1,0
BRDA:117,23,0,0
BRDA:117,23,1,0
BRDA:123,24,0,0
BRDA:123,24,1,0
BRDA:124,25,0,0
BRDA:124,25,1,0
BRDA:130,26,0,0
BRDA:130,26,1,0
BRDA:143,27,0,1
BRDA:143,27,1,4
BRDA:144,28,0,0
BRDA:144,28,1,1
BRDA:144,29,0,1
BRDA:144,29,1,1
BRDA:144,29,2,1
BRDA:145,30,0,0
BRDA:145,30,1,0
BRDA:150,31,0,1
BRDA:150,31,1,3
BRDA:151,32,0,0
BRDA:151,32,1,1
BRDA:151,33,0,1
BRDA:151,33,1,1
BRDA:151,33,2,1
BRDA:152,34,0,0
BRDA:152,34,1,0
BRDA:157,35,0,1
BRDA:157,35,1,2
BRDA:158,36,0,0
BRDA:158,36,1,1
BRDA:158,37,0,1
BRDA:158,37,1,1
BRDA:158,37,2,1
BRDA:159,38,0,0
BRDA:159,38,1,0
BRDA:168,39,0,2
BRDA:168,39,1,0
BRDA:168,40,0,2
BRDA:168,40,1,2
BRDA:173,41,0,0
BRDA:173,41,1,2
BRDA:173,42,0,2
BRDA:173,42,1,2
BRDA:176,43,0,0
BRDA:176,43,1,0
BRDA:185,44,0,2
BRDA:185,44,1,0
BRDA:185,45,0,2
BRDA:185,45,1,2
BRDA:187,46,0,1
BRDA:187,46,1,1
BRDA:191,47,0,1
BRDA:191,47,1,0
BRDA:191,48,0,1
BRDA:191,48,1,1
BRDA:198,49,0,0
BRDA:198,49,1,1
BRDA:198,50,0,1
BRDA:198,50,1,0
BRDA:206,51,0,0
BRDA:206,51,1,0
BRDA:207,52,0,0
BRDA:207,52,1,0
BRDA:208,53,0,0
BRDA:208,53,1,0
BRDA:214,54,0,0
BRDA:214,54,1,0
BRDA:216,55,0,0
BRDA:216,55,1,0
BRDA:219,56,0,0
BRDA:219,56,1,0
BRDA:226,57,0,0
BRDA:226,57,1,0
BRDA:226,58,0,0
BRDA:226,58,1,0
BRDA:235,59,0,0
BRDA:235,59,1,0
BRDA:246,60,0,0
BRDA:246,60,1,0
BRDA:280,61,0,1
BRDA:280,61,1,0
BRDA:281,62,0,0
BRDA:281,62,1,1
BRDA:288,63,0,0
BRDA:288,63,1,1
BRDA:288,64,0,1
BRDA:288,64,1,1
BRF:133
BRH:43
end_of_record
TN:
SF:js/services/firebase-config.js
FN:7,isDebugEnvironment
FN:12,getCollectionName
FN:20,generateUUID
FN:21,(anonymous_3)
FN:29,logToAdmin
FNF:5
FNH:5
FNDA:6,isDebugEnvironment
FNDA:3,getCollectionName
FNDA:1,generateUUID
FNDA:31,(anonymous_3)
FNDA:2,logToAdmin
DA:4,1
DA:8,6
DA:13,3
DA:17,1
DA:21,1
DA:22,31
DA:23,31
DA:24,31
DA:30,2
DA:31,1
DA:33,1
LF:11
LH:11
BRDA:13,0,0,1
BRDA:13,0,1,2
BRDA:23,1,0,30
BRDA:23,1,1,1
BRDA:30,2,0,1
BRDA:30,2,1,1
BRF:6
BRH:6
end_of_record
TN:
SF:js/services/reservations.js
FN:4,createReservation
FN:5,(anonymous_1)
FN:24,(anonymous_2)
FN:27,(anonymous_3)
FN:35,getReservationsByDate
FN:36,(anonymous_5)
FN:40,(anonymous_6)
FN:42,(anonymous_7)
FN:47,(anonymous_8)
FN:55,getUpcomingReservations
FN:58,(anonymous_10)
FN:63,(anonymous_11)
FN:65,(anonymous_12)
FN:70,(anonymous_13)
FN:78,getReservationsByEmail
FN:79,(anonymous_15)
FN:84,(anonymous_16)
FN:86,(anonymous_17)
FN:91,(anonymous_18)
FN:99,updateReservationStatus
FN:100,(anonymous_20)
FN:108,(anonymous_21)
FN:111,(anonymous_22)
FN:119,cancelReservation
FN:121,(anonymous_24)
FN:130,updateReservation
FN:131,(anonymous_26)
FN:137,(anonymous_27)
FN:140,(anonymous_28)
FNF:29
FNH:29
FNDA:2,createReservation
FNDA:2,(anonymous_1)
FNDA:1,(anonymous_2)
FNDA:1,(anonymous_3)
FNDA:2,getReservationsByDate
FNDA:2,(anonymous_5)
FNDA:1,(anonymous_6)
FNDA:2,(anonymous_7)
FNDA:1,(anonymous_8)
FNDA:2,getUpcomingReservations
FNDA:2,(anonymous_10)
FNDA:1,(anonymous_11)
FNDA:2,(anonymous_12)
FNDA:1,(anonymous_13)
FNDA:2,getReservationsByEmail
FNDA:2,(anonymous_15)
FNDA:1,(anonymous_16)
FNDA:2,(anonymous_17)
FNDA:1,(anonymous_18)
FNDA:4,updateReservationStatus
FNDA:4,(anonymous_20)
FNDA:3,(anonymous_21)
FNDA:1,(anonymous_22)
FNDA:2,cancelReservation
FNDA:2,(anonymous_24)
FNDA:2,updateReservation
FNDA:2,(anonymous_26)
FNDA:1,(anonymous_27)
FNDA:1,(anonymous_28)
DA:5,2
DA:7,2
DA:10,2
DA:13,2
DA:22,2
DA:25,1
DA:28,1
DA:29,1
DA:36,2
DA:37,2
DA:41,1
DA:42,1
DA:43,2
DA:45,1
DA:48,1
DA:49,1
DA:56,2
DA:58,2
DA:59,2
DA:64,1
DA:65,1
DA:66,2
DA:68,1
DA:71,1
DA:72,1
DA:79,2
DA:80,2
DA:85,1
DA:86,1
DA:87,2
DA:89,1
DA:92,1
DA:93,1
DA:100,4
DA:101,4
DA:103,4
DA:109,3
DA:112,1
DA:113,1
DA:120,2
DA:122,2
DA:131,2
DA:132,2
DA:133,2
DA:135,2
DA:138,1
DA:141,1
DA:142,1
DA:147,1
LF:49
LH:49
BRDA:124,0,0,2
BRDA:124,0,1,1
BRF:2
BRH:2
end_of_record
TN:
SF:js/services/theme.js
FN:2,prefersDarkMode
FN:18,handleThemeChange
FN:27,addThemeChangeListener
FN:49,initializeTheme
FN:64,applyDarkTheme
FN:75,applyLightTheme
FNF:6
FNH:6
FNDA:3,prefersDarkMode
FNDA:2,handleThemeChange
FNDA:4,addThemeChangeListener
FNDA:2,initializeTheme
FNDA:5,applyDarkTheme
FNDA:5,applyLightTheme
DA:3,3
DA:5,3
DA:6,1
DA:9,2
DA:10,2
DA:12,0
DA:13,0
DA:19,2
DA:20,1
DA:22,1
DA:28,4
DA:29,4
DA:30,3
DA:32,3
DA:34,3
DA:36,3
DA:40,1
DA:42,0
DA:43,0
DA:51,2
DA:52,1
DA:54,1
DA:58,2
DA:60,2
DA:65,5
DA:66,5
DA:67,5
DA:68,5
DA:71,5
DA:76,5
DA:77,5
DA:78,5
DA:79,5
DA:82,5
DA:85,1
LF:35
LH:31
BRDA:5,0,0,1
BRDA:5,0,1,2
BRDA:10,1,0,2
BRDA:10,1,1,2
BRDA:19,2,0,1
BRDA:19,2,1,1
BRDA:29,3,0,3
BRDA:29,3,1,1
BRDA:32,4,0,3
BRDA:32,4,1,0
BRDA:32,5,0,3
BRDA:32,5,1,3
BRDA:51,6,0,1
BRDA:51,6,1,1
BRDA:67,7,0,5
BRDA:67,7,1,0
BRDA:78,8,0,5
BRDA:78,8,1,0
BRF:18
BRH:15
end_of_record
TN:
SF:js/utils/locale.js
FN:8,initializeLocalization
FN:14,setLanguage
FN:40,updateAllTranslations
FN:44,(anonymous_3)
FN:57,getTranslation
FN:99,updateTranslations
FNF:6
FNH:4
FNDA:0,initializeLocalization
FNDA:0,setLanguage
FNDA:5,updateAllTranslations
FNDA:15,(anonymous_3)
FNDA:5,getTranslation
FNDA:4,updateTranslations
DA:2,1
DA:5,1
DA:10,0
DA:16,0
DA:17,0
DA:21,0
DA:24,0
DA:25,0
DA:26,0
DA:27,0
DA:29,0
DA:31,0
DA:36,0
DA:41,5
DA:42,5
DA:44,5
DA:45,15
DA:48,15
DA:49,15
DA:51,0
DA:58,5
DA:61,3
DA:63,3
DA:64,3
DA:66,3
DA:69,3
DA:70,4
DA:71,3
DA:73,1
DA:77,2
DA:81,0
DA:82,0
DA:84,0
DA:87,0
DA:88,0
DA:89,0
DA:91,0
DA:95,0
DA:100,4
DA:101,1
DA:104,1
DA:105,1
DA:109,4
DA:112,4
DA:113,4
DA:118,4
DA:120,1
DA:123,3
DA:128,1
DA:129,1
DA:130,1
DA:131,1
DA:135,1
LF:53
LH:33
BRDA:16,0,0,0
BRDA:16,0,1,0
BRDA:16,1,0,0
BRDA:16,1,1,0
BRDA:26,2,0,0
BRDA:26,2,1,0
BRDA:42,3,0,0
BRDA:42,3,1,5
BRDA:42,4,0,5
BRDA:42,4,1,5
BRDA:48,5,0,15
BRDA:48,5,1,0
BRDA:48,6,0,15
BRDA:48,6,1,15
BRDA:58,7,0,2
BRDA:58,7,1,3
BRDA:61,8,0,3
BRDA:61,8,1,0
BRDA:61,9,0,3
BRDA:61,9,1,3
BRDA:66,10,0,0
BRDA:66,10,1,3
BRDA:70,11,0,3
BRDA:70,11,1,1
BRDA:70,12,0,4
BRDA:70,12,1,4
BRDA:70,12,2,4
BRDA:84,13,0,0
BRDA:84,13,1,0
BRDA:88,14,0,0
BRDA:88,14,1,0
BRDA:88,15,0,0
BRDA:88,15,1,0
BRDA:88,15,2,0
BRDA:99,16,0,3
BRDA:100,17,0,1
BRDA:100,17,1,3
BRDA:104,18,0,1
BRDA:104,18,1,0
BRDA:112,19,0,4
BRDA:112,19,1,0
BRDA:118,20,0,1
BRDA:118,20,1,3
BRDA:118,21,0,4
BRDA:118,21,1,4
BRDA:118,21,2,1
BRDA:128,22,0,1
BRDA:128,22,1,0
BRF:48
BRH:28
end_of_record
TN:
SF:js/utils/validation.js
FN:4,validateEmail
FN:13,validatePhone
FN:24,validateRequired
FN:29,validateNumberOfPersons
FN:35,validateDate
FN:59,validateReservationForm
FN:110,displayValidationErrors
FN:112,(anonymous_7)
FN:136,(anonymous_8)
FNF:9
FNH:7
FNDA:8,validateEmail
FNDA:8,validatePhone
FNDA:6,validateRequired
FNDA:8,validateNumberOfPersons
FNDA:0,validateDate
FNDA:0,validateReservationForm
FNDA:4,displayValidationErrors
FNDA:4,(anonymous_7)
FNDA:1,(anonymous_8)
DA:5,8
DA:6,1
DA:8,7
DA:9,7
DA:15,8
DA:19,8
DA:20,8
DA:25,6
DA:30,8
DA:31,8
DA:36,0
DA:37,0
DA:38,0
DA:41,0
DA:42,0
DA:46,0
DA:47,0
DA:51,0
DA:52,0
DA:55,0
DA:60,0
DA:63,0
DA:64,0
DA:68,0
DA:69,0
DA:70,0
DA:71,0
DA:75,0
DA:76,0
DA:77,0
DA:78,0
DA:82,0
DA:83,0
DA:87,0
DA:88,0
DA:89,0
DA:93,0
DA:94,0
DA:98,0
DA:99,0
DA:103,0
DA:112,4
DA:115,4
DA:116,1
DA:120,3
DA:121,4
DA:122,4
DA:125,3
DA:126,3
DA:127,3
DA:130,3
DA:133,3
DA:136,3
DA:137,1
DA:138,1
DA:139,1
DA:144,3
DA:145,3
DA:146,2
DA:151,2
DA:152,2
DA:153,2
DA:154,2
DA:155,2
DA:156,2
DA:157,2
DA:158,2
DA:162,2
LF:68
LH:37
BRDA:5,0,0,1
BRDA:5,0,1,7
BRDA:5,1,0,8
BRDA:5,1,1,7
BRDA:25,2,0,6
BRDA:25,2,1,5
BRDA:25,2,2,4
BRDA:31,3,0,8
BRDA:31,3,1,7
BRDA:41,4,0,0
BRDA:41,4,1,0
BRDA:41,5,0,0
BRDA:41,5,1,0
BRDA:46,6,0,0
BRDA:46,6,1,0
BRDA:51,7,0,0
BRDA:51,7,1,0
BRDA:63,8,0,0
BRDA:63,8,1,0
BRDA:68,9,0,0
BRDA:68,9,1,0
BRDA:70,10,0,0
BRDA:70,10,1,0
BRDA:75,11,0,0
BRDA:75,11,1,0
BRDA:77,12,0,0
BRDA:77,12,1,0
BRDA:82,13,0,0
BRDA:82,13,1,0
BRDA:88,14,0,0
BRDA:88,14,1,0
BRDA:93,15,0,0
BRDA:93,15,1,0
BRDA:98,16,0,0
BRDA:98,16,1,0
BRDA:115,17,0,1
BRDA:115,17,1,3
BRDA:122,18,0,1
BRDA:122,18,1,3
BRDA:139,19,0,1
BRDA:139,19,1,0
BRDA:145,20,0,2
BRDA:145,20,1,1
BRDA:151,21,0,2
BRDA:151,21,1,0
BRF:45
BRH:17
end_of_record
